103.03.31 17:45 B C:\Web Pages\PHP\page_so\Figuras\button.jpg --> php.iscc.com.br /public_html/page_so/Figuras button.jpg
103.03.31 17:45 B C:\Web Pages\PHP\page_so\Figuras\button_new.gif --> php.iscc.com.br /public_html/page_so/Figuras button_new.gif
103.03.31 17:45 B C:\Web Pages\PHP\page_so\Figuras\button_new.jpg --> php.iscc.com.br /public_html/page_so/Figuras button_new.jpg
103.03.31 17:45 B C:\Web Pages\PHP\page_so\Figuras\Figura_topo.jpg --> php.iscc.com.br /public_html/page_so/Figuras Figura_topo.jpg
103.03.31 17:45 B C:\Web Pages\PHP\page_so\Figuras\letras_topo.jpg --> php.iscc.com.br /public_html/page_so/Figuras letras_topo.jpg
103.03.31 17:45 B C:\Web Pages\PHP\page_so\Figuras\logo_page_inicial.jpg --> php.iscc.com.br /public_html/page_so/Figuras logo_page_inicial.jpg
103.04.05 14:39 B C:\Web Pages\PHP\page_so\Figuras\teste.jpg --> php.iscc.com.br /public_html/page_so/Figuras teste.jpg
103.04.05 14:58 B C:\Web Pages\PHP\page_so\Figuras\button.jpg --> php.iscc.com.br /public_html/page_so/Figuras button.jpg
103.04.05 14:58 B C:\Web Pages\PHP\page_so\Figuras\button_new.gif --> php.iscc.com.br /public_html/page_so/Figuras button_new.gif
103.04.05 14:58 B C:\Web Pages\PHP\page_so\Figuras\button_new.jpg --> php.iscc.com.br /public_html/page_so/Figuras button_new.jpg
103.04.05 14:58 B C:\Web Pages\PHP\page_so\Figuras\Figura_topo.jpg --> php.iscc.com.br /public_html/page_so/Figuras Figura_topo.jpg
103.04.05 14:58 B C:\Web Pages\PHP\page_so\Figuras\letras_topo.jpg --> php.iscc.com.br /public_html/page_so/Figuras letras_topo.jpg
103.04.05 14:58 B C:\Web Pages\PHP\page_so\Figuras\logo_page_inicial.jpg --> php.iscc.com.br /public_html/page_so/Figuras logo_page_inicial.jpg
103.04.05 14:58 B C:\Web Pages\PHP\page_so\Figuras\teste.jpg --> php.iscc.com.br /public_html/page_so/Figuras teste.jpg
103.04.05 14:58 B C:\Web Pages\PHP\page_so\Figuras\WS_FTP.LOG --> php.iscc.com.br /public_html/page_so/Figuras WS_FTP.LOG
103.04.05 17:01 B C:\Web Pages\PHP\page_so\Figuras\button.jpg --> php.iscc.com.br /public_html/page_so/Figuras button.jpg
103.04.05 17:01 B C:\Web Pages\PHP\page_so\Figuras\button_new.gif --> php.iscc.com.br /public_html/page_so/Figuras button_new.gif
103.04.05 17:01 B C:\Web Pages\PHP\page_so\Figuras\button_new.jpg --> php.iscc.com.br /public_html/page_so/Figuras button_new.jpg
103.04.05 17:01 B C:\Web Pages\PHP\page_so\Figuras\Figura_topo.jpg --> php.iscc.com.br /public_html/page_so/Figuras Figura_topo.jpg
103.04.05 17:01 B C:\Web Pages\PHP\page_so\Figuras\letras_topo.jpg --> php.iscc.com.br /public_html/page_so/Figuras letras_topo.jpg
103.04.05 17:01 B C:\Web Pages\PHP\page_so\Figuras\logo_page_inicial.jpg --> php.iscc.com.br /public_html/page_so/Figuras logo_page_inicial.jpg
103.04.05 17:01 B C:\Web Pages\PHP\page_so\Figuras\teste.jpg --> php.iscc.com.br /public_html/page_so/Figuras teste.jpg
103.04.05 17:01 B C:\Web Pages\PHP\page_so\Figuras\WS_FTP.LOG --> php.iscc.com.br /public_html/page_so/Figuras WS_FTP.LOG
103.04.05 17:34 B C:\Web Pages\PHP\page_so\Figuras\button.jpg --> php.iscc.com.br /public_html/page_so/Figuras button.jpg
103.04.05 17:34 B C:\Web Pages\PHP\page_so\Figuras\button_new.gif --> php.iscc.com.br /public_html/page_so/Figuras button_new.gif
103.04.05 17:34 B C:\Web Pages\PHP\page_so\Figuras\button_new.jpg --> php.iscc.com.br /public_html/page_so/Figuras button_new.jpg
103.04.05 17:34 B C:\Web Pages\PHP\page_so\Figuras\Figura_topo.jpg --> php.iscc.com.br /public_html/page_so/Figuras Figura_topo.jpg
103.04.05 17:34 B C:\Web Pages\PHP\page_so\Figuras\letras_topo.jpg --> php.iscc.com.br /public_html/page_so/Figuras letras_topo.jpg
103.04.05 17:34 B C:\Web Pages\PHP\page_so\Figuras\logo_page_inicial.jpg --> php.iscc.com.br /public_html/page_so/Figuras logo_page_inicial.jpg
103.04.05 17:34 B C:\Web Pages\PHP\page_so\Figuras\teste.jpg --> php.iscc.com.br /public_html/page_so/Figuras teste.jpg
103.04.05 17:34 B C:\Web Pages\PHP\page_so\Figuras\WS_FTP.LOG --> php.iscc.com.br /public_html/page_so/Figuras WS_FTP.LOG
103.04.06 11:04 B C:\Web Pages\PHP\page_so\Figuras\button.jpg --> php.iscc.com.br /public_html/page_so/Figuras button.jpg
103.04.06 11:04 B C:\Web Pages\PHP\page_so\Figuras\button_new.gif --> php.iscc.com.br /public_html/page_so/Figuras button_new.gif
103.04.06 11:04 B C:\Web Pages\PHP\page_so\Figuras\button_new.jpg --> php.iscc.com.br /public_html/page_so/Figuras button_new.jpg
103.04.06 11:04 B C:\Web Pages\PHP\page_so\Figuras\Figura_topo.jpg --> php.iscc.com.br /public_html/page_so/Figuras Figura_topo.jpg
103.04.06 11:04 B C:\Web Pages\PHP\page_so\Figuras\letras_topo.jpg --> php.iscc.com.br /public_html/page_so/Figuras letras_topo.jpg
103.04.06 11:04 B C:\Web Pages\PHP\page_so\Figuras\logo_page_inicial.jpg --> php.iscc.com.br /public_html/page_so/Figuras logo_page_inicial.jpg
103.04.06 11:04 B C:\Web Pages\PHP\page_so\Figuras\teste.jpg --> php.iscc.com.br /public_html/page_so/Figuras teste.jpg
103.04.06 11:04 B C:\Web Pages\PHP\page_so\Figuras\WS_FTP.LOG --> php.iscc.com.br /public_html/page_so/Figuras WS_FTP.LOG
103.04.06 16:46 B C:\Web Pages\PHP\page_so\Figuras\button.jpg --> php.iscc.com.br /public_html/page_so/curso/figuras button.jpg
103.04.06 16:46 B C:\Web Pages\PHP\page_so\Figuras\button_new.gif --> php.iscc.com.br /public_html/page_so/curso/figuras button_new.gif
103.04.06 16:46 B C:\Web Pages\PHP\page_so\Figuras\button_new.jpg --> php.iscc.com.br /public_html/page_so/curso/figuras button_new.jpg
103.04.06 16:46 B C:\Web Pages\PHP\page_so\Figuras\Figura_topo.jpg --> php.iscc.com.br /public_html/page_so/curso/figuras Figura_topo.jpg
103.04.06 16:46 B C:\Web Pages\PHP\page_so\Figuras\letras_topo.jpg --> php.iscc.com.br /public_html/page_so/curso/figuras letras_topo.jpg
103.04.06 16:46 B C:\Web Pages\PHP\page_so\Figuras\logo_page_inicial.jpg --> php.iscc.com.br /public_html/page_so/curso/figuras logo_page_inicial.jpg
103.04.06 16:46 B C:\Web Pages\PHP\page_so\Figuras\teste.jpg --> php.iscc.com.br /public_html/page_so/curso/figuras teste.jpg
103.04.06 16:46 B C:\Web Pages\PHP\page_so\Figuras\button.jpg --> php.iscc.com.br /public_html/page_so/instituicao/figuras button.jpg
103.04.06 16:46 B C:\Web Pages\PHP\page_so\Figuras\button_new.gif --> php.iscc.com.br /public_html/page_so/instituicao/figuras button_new.gif
103.04.06 16:46 B C:\Web Pages\PHP\page_so\Figuras\button_new.jpg --> php.iscc.com.br /public_html/page_so/instituicao/figuras button_new.jpg
103.04.06 16:46 B C:\Web Pages\PHP\page_so\Figuras\Figura_topo.jpg --> php.iscc.com.br /public_html/page_so/instituicao/figuras Figura_topo.jpg
103.04.06 16:46 B C:\Web Pages\PHP\page_so\Figuras\letras_topo.jpg --> php.iscc.com.br /public_html/page_so/instituicao/figuras letras_topo.jpg
103.04.06 16:46 B C:\Web Pages\PHP\page_so\Figuras\logo_page_inicial.jpg --> php.iscc.com.br /public_html/page_so/instituicao/figuras logo_page_inicial.jpg
103.04.06 16:46 B C:\Web Pages\PHP\page_so\Figuras\teste.jpg --> php.iscc.com.br /public_html/page_so/instituicao/figuras teste.jpg
103.04.06 16:52 B C:\Web Pages\PHP\page_so\Figuras\button.jpg <-- PHP /public_html/page_so/curso/figuras button.jpg
103.04.06 16:52 B C:\Web Pages\PHP\page_so\Figuras\button_new.gif <-- PHP /public_html/page_so/curso/figuras button_new.gif
103.04.06 16:52 B C:\Web Pages\PHP\page_so\Figuras\button_new.jpg <-- PHP /public_html/page_so/curso/figuras button_new.jpg
103.04.06 16:52 B C:\Web Pages\PHP\page_so\Figuras\Figura_topo.jpg <-- PHP /public_html/page_so/curso/figuras Figura_topo.jpg
103.04.06 16:52 B C:\Web Pages\PHP\page_so\Figuras\letras_topo.jpg <-- PHP /public_html/page_so/curso/figuras letras_topo.jpg
103.04.06 16:52 B C:\Web Pages\PHP\page_so\Figuras\logo_meio.jpg <-- PHP /public_html/page_so/curso/figuras logo_meio.jpg
103.04.06 16:53 B C:\Web Pages\PHP\page_so\Figuras\logo_page_inicial.jpg <-- PHP /public_html/page_so/curso/figuras logo_page_inicial.jpg
103.04.06 16:53 B C:\Web Pages\PHP\page_so\Figuras\teste.jpg <-- PHP /public_html/page_so/curso/figuras teste.jpg
103.04.06 16:53 B C:\Web Pages\PHP\page_so\Figuras\01biblioteca.htm <-- PHP /public_html/page_so/instituicao 01biblioteca.htm
103.04.06 16:53 B C:\Web Pages\PHP\page_so\Figuras\01historia.htm <-- PHP /public_html/page_so/instituicao 01historia.htm
103.04.06 16:53 B C:\Web Pages\PHP\page_so\Figuras\01pos.htm <-- PHP /public_html/page_so/instituicao 01pos.htm
103.04.06 16:53 B C:\Web Pages\PHP\page_so\Figuras\02biblioteca.htm <-- PHP /public_html/page_so/instituicao 02biblioteca.htm
103.04.06 16:53 B C:\Web Pages\PHP\page_so\Figuras\02historia.htm <-- PHP /public_html/page_so/instituicao 02historia.htm
103.04.07 09:17 B C:\Web Pages\PHP\page_so\Figuras\button.jpg --> php.iscc.com.br /public_html/page_so/Figuras button.jpg
103.04.07 09:17 B C:\Web Pages\PHP\page_so\Figuras\button_new.gif --> php.iscc.com.br /public_html/page_so/Figuras button_new.gif
103.04.07 09:17 B C:\Web Pages\PHP\page_so\Figuras\button_new.jpg --> php.iscc.com.br /public_html/page_so/Figuras button_new.jpg
103.04.07 09:17 B C:\Web Pages\PHP\page_so\Figuras\Figura_topo.jpg --> php.iscc.com.br /public_html/page_so/Figuras Figura_topo.jpg
103.04.07 09:17 B C:\Web Pages\PHP\page_so\Figuras\letras_topo.jpg --> php.iscc.com.br /public_html/page_so/Figuras letras_topo.jpg
103.04.07 09:17 B C:\Web Pages\PHP\page_so\Figuras\logo_meio_curso.jpg --> php.iscc.com.br /public_html/page_so/Figuras logo_meio_curso.jpg
103.04.07 09:17 B C:\Web Pages\PHP\page_so\Figuras\logo_meio_instituicao.jpg --> php.iscc.com.br /public_html/page_so/Figuras logo_meio_instituicao.jpg
103.04.07 09:17 B C:\Web Pages\PHP\page_so\Figuras\logo_page_inicial.jpg --> php.iscc.com.br /public_html/page_so/Figuras logo_page_inicial.jpg
103.04.07 09:17 B C:\Web Pages\PHP\page_so\Figuras\teste.jpg --> php.iscc.com.br /public_html/page_so/Figuras teste.jpg
103.04.07 09:17 B C:\Web Pages\PHP\page_so\Figuras\Thumbs.db --> php.iscc.com.br /public_html/page_so/Figuras Thumbs.db
103.04.07 09:17 B C:\Web Pages\PHP\page_so\Figuras\WS_FTP.LOG --> php.iscc.com.br /public_html/page_so/Figuras WS_FTP.LOG
103.04.07 09:18 B C:\Web Pages\PHP\page_so\Figuras\button.jpg --> php.iscc.com.br /public_html/page_so/Figuras button.jpg
103.04.07 09:18 B C:\Web Pages\PHP\page_so\Figuras\button_new.gif --> php.iscc.com.br /public_html/page_so/Figuras button_new.gif
103.04.07 09:18 B C:\Web Pages\PHP\page_so\Figuras\button_new.jpg --> php.iscc.com.br /public_html/page_so/Figuras button_new.jpg
103.04.07 09:18 B C:\Web Pages\PHP\page_so\Figuras\Figura_topo.jpg --> php.iscc.com.br /public_html/page_so/Figuras Figura_topo.jpg
103.04.07 09:18 B C:\Web Pages\PHP\page_so\Figuras\letras_topo.jpg --> php.iscc.com.br /public_html/page_so/Figuras letras_topo.jpg
103.04.07 09:18 B C:\Web Pages\PHP\page_so\Figuras\logo_meio_curso.jpg --> php.iscc.com.br /public_html/page_so/Figuras logo_meio_curso.jpg
103.04.07 09:18 B C:\Web Pages\PHP\page_so\Figuras\logo_meio_instituicao.jpg --> php.iscc.com.br /public_html/page_so/Figuras logo_meio_instituicao.jpg
103.04.07 09:18 B C:\Web Pages\PHP\page_so\Figuras\logo_page_inicial.jpg --> php.iscc.com.br /public_html/page_so/Figuras logo_page_inicial.jpg
103.04.07 09:18 B C:\Web Pages\PHP\page_so\Figuras\teste.jpg --> php.iscc.com.br /public_html/page_so/Figuras teste.jpg
103.04.07 09:18 B C:\Web Pages\PHP\page_so\Figuras\Thumbs.db --> php.iscc.com.br /public_html/page_so/Figuras Thumbs.db
103.04.07 09:18 B C:\Web Pages\PHP\page_so\Figuras\WS_FTP.LOG --> php.iscc.com.br /public_html/page_so/Figuras WS_FTP.LOG
103.04.07 15:20 B C:\Web Pages\PHP\page_so\Figuras\01imagemcapitulo0102.jpg --> php.iscc.com.br /public_html/page_so/Figuras 01imagemcapitulo0102.jpg
103.04.07 15:20 B C:\Web Pages\PHP\page_so\Figuras\02imagemcapitulo0102.jpg --> php.iscc.com.br /public_html/page_so/Figuras 02imagemcapitulo0102.jpg
103.04.07 15:20 B C:\Web Pages\PHP\page_so\Figuras\03imagemcapitulo0102.jpg --> php.iscc.com.br /public_html/page_so/Figuras 03imagemcapitulo0102.jpg
103.04.07 15:20 B C:\Web Pages\PHP\page_so\Figuras\04imagemcapitulo0102.jpg --> php.iscc.com.br /public_html/page_so/Figuras 04imagemcapitulo0102.jpg
103.04.07 15:20 B C:\Web Pages\PHP\page_so\Figuras\05imagemcapitulo0102.jpg --> php.iscc.com.br /public_html/page_so/Figuras 05imagemcapitulo0102.jpg
103.04.07 15:20 B C:\Web Pages\PHP\page_so\Figuras\06imagemcapitulo0102.jpg --> php.iscc.com.br /public_html/page_so/Figuras 06imagemcapitulo0102.jpg
103.04.07 15:20 B C:\Web Pages\PHP\page_so\Figuras\07imagemcapitulo0102.jpg --> php.iscc.com.br /public_html/page_so/Figuras 07imagemcapitulo0102.jpg
103.04.07 15:20 B C:\Web Pages\PHP\page_so\Figuras\08imagemcapitulo0102.jpg --> php.iscc.com.br /public_html/page_so/Figuras 08imagemcapitulo0102.jpg
103.04.07 15:20 B C:\Web Pages\PHP\page_so\Figuras\09imagemcapitulo0102.jpg --> php.iscc.com.br /public_html/page_so/Figuras 09imagemcapitulo0102.jpg
103.04.07 15:20 B C:\Web Pages\PHP\page_so\Figuras\10imagemcapitulo0102.jpg --> php.iscc.com.br /public_html/page_so/Figuras 10imagemcapitulo0102.jpg
103.04.07 15:20 B C:\Web Pages\PHP\page_so\Figuras\button.jpg --> php.iscc.com.br /public_html/page_so/Figuras button.jpg
103.04.07 15:20 B C:\Web Pages\PHP\page_so\Figuras\button_new.gif --> php.iscc.com.br /public_html/page_so/Figuras button_new.gif
103.04.07 15:20 B C:\Web Pages\PHP\page_so\Figuras\button_new.jpg --> php.iscc.com.br /public_html/page_so/Figuras button_new.jpg
103.04.07 15:20 B C:\Web Pages\PHP\page_so\Figuras\Figura_topo.jpg --> php.iscc.com.br /public_html/page_so/Figuras Figura_topo.jpg
103.04.07 15:20 B C:\Web Pages\PHP\page_so\Figuras\letras_topo.jpg --> php.iscc.com.br /public_html/page_so/Figuras letras_topo.jpg
103.04.07 15:20 B C:\Web Pages\PHP\page_so\Figuras\logo_meio_curso.jpg --> php.iscc.com.br /public_html/page_so/Figuras logo_meio_curso.jpg
103.04.07 15:20 B C:\Web Pages\PHP\page_so\Figuras\logo_meio_instituicao.jpg --> php.iscc.com.br /public_html/page_so/Figuras logo_meio_instituicao.jpg
103.04.07 15:20 B C:\Web Pages\PHP\page_so\Figuras\logo_page_inicial.jpg --> php.iscc.com.br /public_html/page_so/Figuras logo_page_inicial.jpg
103.04.07 15:20 B C:\Web Pages\PHP\page_so\Figuras\teste.jpg --> php.iscc.com.br /public_html/page_so/Figuras teste.jpg
103.04.07 15:20 B C:\Web Pages\PHP\page_so\Figuras\Thumbs.db --> php.iscc.com.br /public_html/page_so/Figuras Thumbs.db
103.04.07 15:20 B C:\Web Pages\PHP\page_so\Figuras\WS_FTP.LOG --> php.iscc.com.br /public_html/page_so/Figuras WS_FTP.LOG
104.04.08 09:59 B C:\Web Pages\PHP\page_so\Figuras\01imagemcapitulo0102.jpg --> php.iscc.com.br /public_html/page_so/Figuras 01imagemcapitulo0102.jpg
104.04.08 09:59 B C:\Web Pages\PHP\page_so\Figuras\02imagemcapitulo0102.jpg --> php.iscc.com.br /public_html/page_so/Figuras 02imagemcapitulo0102.jpg
104.04.08 09:59 B C:\Web Pages\PHP\page_so\Figuras\03imagemcapitulo0102.jpg --> php.iscc.com.br /public_html/page_so/Figuras 03imagemcapitulo0102.jpg
104.04.08 09:59 B C:\Web Pages\PHP\page_so\Figuras\04imagemcapitulo0102.jpg --> php.iscc.com.br /public_html/page_so/Figuras 04imagemcapitulo0102.jpg
104.04.08 09:59 B C:\Web Pages\PHP\page_so\Figuras\05imagemcapitulo0102.jpg --> php.iscc.com.br /public_html/page_so/Figuras 05imagemcapitulo0102.jpg
104.04.08 09:59 B C:\Web Pages\PHP\page_so\Figuras\06imagemcapitulo0102.jpg --> php.iscc.com.br /public_html/page_so/Figuras 06imagemcapitulo0102.jpg
104.04.08 09:59 B C:\Web Pages\PHP\page_so\Figuras\07imagemcapitulo0102.jpg --> php.iscc.com.br /public_html/page_so/Figuras 07imagemcapitulo0102.jpg
104.04.08 09:59 B C:\Web Pages\PHP\page_so\Figuras\08imagemcapitulo0102.jpg --> php.iscc.com.br /public_html/page_so/Figuras 08imagemcapitulo0102.jpg
104.04.08 09:59 B C:\Web Pages\PHP\page_so\Figuras\09imagemcapitulo0102.jpg --> php.iscc.com.br /public_html/page_so/Figuras 09imagemcapitulo0102.jpg
104.04.08 09:59 B C:\Web Pages\PHP\page_so\Figuras\10imagemcapitulo0102.jpg --> php.iscc.com.br /public_html/page_so/Figuras 10imagemcapitulo0102.jpg
104.04.08 09:59 B C:\Web Pages\PHP\page_so\Figuras\button.jpg --> php.iscc.com.br /public_html/page_so/Figuras button.jpg
104.04.08 09:59 B C:\Web Pages\PHP\page_so\Figuras\button_new.gif --> php.iscc.com.br /public_html/page_so/Figuras button_new.gif
104.04.08 09:59 B C:\Web Pages\PHP\page_so\Figuras\button_new.jpg --> php.iscc.com.br /public_html/page_so/Figuras button_new.jpg
104.04.08 09:59 B C:\Web Pages\PHP\page_so\Figuras\Figura_topo.jpg --> php.iscc.com.br /public_html/page_so/Figuras Figura_topo.jpg
104.04.08 09:59 B C:\Web Pages\PHP\page_so\Figuras\letras_topo.jpg --> php.iscc.com.br /public_html/page_so/Figuras letras_topo.jpg
104.04.08 09:59 B C:\Web Pages\PHP\page_so\Figuras\logo_meio_curso.jpg --> php.iscc.com.br /public_html/page_so/Figuras logo_meio_curso.jpg
104.04.08 09:59 B C:\Web Pages\PHP\page_so\Figuras\logo_meio_instituicao.jpg --> php.iscc.com.br /public_html/page_so/Figuras logo_meio_instituicao.jpg
104.04.08 09:59 B C:\Web Pages\PHP\page_so\Figuras\logo_meio_so.jpg --> php.iscc.com.br /public_html/page_so/Figuras logo_meio_so.jpg
104.04.08 09:59 B C:\Web Pages\PHP\page_so\Figuras\logo_page_inicial.jpg --> php.iscc.com.br /public_html/page_so/Figuras logo_page_inicial.jpg
104.04.08 09:59 B C:\Web Pages\PHP\page_so\Figuras\teste.jpg --> php.iscc.com.br /public_html/page_so/Figuras teste.jpg
104.04.08 09:59 B C:\Web Pages\PHP\page_so\Figuras\Thumbs.db --> php.iscc.com.br /public_html/page_so/Figuras Thumbs.db
104.04.08 09:59 B C:\Web Pages\PHP\page_so\Figuras\WS_FTP.LOG --> php.iscc.com.br /public_html/page_so/Figuras WS_FTP.LOG
104.04.12 11:19 B C:\Web Pages\PHP\page_so\Figuras\01imagemcapitulo0102.jpg --> php.iscc.com.br /public_html/page_so/Figuras 01imagemcapitulo0102.jpg
104.04.12 11:19 B C:\Web Pages\PHP\page_so\Figuras\01imagemcapitulo0708.jpg --> php.iscc.com.br /public_html/page_so/Figuras 01imagemcapitulo0708.jpg
104.04.12 11:19 B C:\Web Pages\PHP\page_so\Figuras\02imagemcapitulo0102.jpg --> php.iscc.com.br /public_html/page_so/Figuras 02imagemcapitulo0102.jpg
104.04.12 11:19 B C:\Web Pages\PHP\page_so\Figuras\02imagemcapitulo0708.jpg --> php.iscc.com.br /public_html/page_so/Figuras 02imagemcapitulo0708.jpg
104.04.12 11:19 B C:\Web Pages\PHP\page_so\Figuras\03imagemcapitulo0102.jpg --> php.iscc.com.br /public_html/page_so/Figuras 03imagemcapitulo0102.jpg
104.04.12 11:19 B C:\Web Pages\PHP\page_so\Figuras\03imagemcapitulo0708.jpg --> php.iscc.com.br /public_html/page_so/Figuras 03imagemcapitulo0708.jpg
104.04.12 11:19 B C:\Web Pages\PHP\page_so\Figuras\04imagemcapitulo0102.jpg --> php.iscc.com.br /public_html/page_so/Figuras 04imagemcapitulo0102.jpg
104.04.12 11:19 B C:\Web Pages\PHP\page_so\Figuras\04imagemcapitulo0708.jpg --> php.iscc.com.br /public_html/page_so/Figuras 04imagemcapitulo0708.jpg
104.04.12 11:19 B C:\Web Pages\PHP\page_so\Figuras\05imagemcapitulo0102.jpg --> php.iscc.com.br /public_html/page_so/Figuras 05imagemcapitulo0102.jpg
104.04.12 11:19 B C:\Web Pages\PHP\page_so\Figuras\05imagemcapitulo0708.jpg --> php.iscc.com.br /public_html/page_so/Figuras 05imagemcapitulo0708.jpg
104.04.12 11:19 B C:\Web Pages\PHP\page_so\Figuras\06imagemcapitulo0102.jpg --> php.iscc.com.br /public_html/page_so/Figuras 06imagemcapitulo0102.jpg
104.04.12 11:19 B C:\Web Pages\PHP\page_so\Figuras\06imagemcapitulo0708.jpg --> php.iscc.com.br /public_html/page_so/Figuras 06imagemcapitulo0708.jpg
104.04.12 11:19 B C:\Web Pages\PHP\page_so\Figuras\07imagemcapitulo0102.jpg --> php.iscc.com.br /public_html/page_so/Figuras 07imagemcapitulo0102.jpg
104.04.12 11:19 B C:\Web Pages\PHP\page_so\Figuras\07imagemcapitulo0708.jpg --> php.iscc.com.br /public_html/page_so/Figuras 07imagemcapitulo0708.jpg
104.04.12 11:19 B C:\Web Pages\PHP\page_so\Figuras\08imagemcapitulo0102.jpg --> php.iscc.com.br /public_html/page_so/Figuras 08imagemcapitulo0102.jpg
104.04.12 11:19 B C:\Web Pages\PHP\page_so\Figuras\08imagemcapitulo0708.jpg --> php.iscc.com.br /public_html/page_so/Figuras 08imagemcapitulo0708.jpg
104.04.12 11:19 B C:\Web Pages\PHP\page_so\Figuras\09imagemcapitulo0102.jpg --> php.iscc.com.br /public_html/page_so/Figuras 09imagemcapitulo0102.jpg
104.04.12 11:19 B C:\Web Pages\PHP\page_so\Figuras\10imagemcapitulo0102.jpg --> php.iscc.com.br /public_html/page_so/Figuras 10imagemcapitulo0102.jpg
104.04.12 11:19 B C:\Web Pages\PHP\page_so\Figuras\button.jpg --> php.iscc.com.br /public_html/page_so/Figuras button.jpg
104.04.12 11:19 B C:\Web Pages\PHP\page_so\Figuras\button_new.gif --> php.iscc.com.br /public_html/page_so/Figuras button_new.gif
104.04.12 11:19 B C:\Web Pages\PHP\page_so\Figuras\button_new.jpg --> php.iscc.com.br /public_html/page_so/Figuras button_new.jpg
104.04.12 11:19 B C:\Web Pages\PHP\page_so\Figuras\Figura_topo.jpg --> php.iscc.com.br /public_html/page_so/Figuras Figura_topo.jpg
104.04.12 11:19 B C:\Web Pages\PHP\page_so\Figuras\letras_topo.jpg --> php.iscc.com.br /public_html/page_so/Figuras letras_topo.jpg
104.04.12 11:19 B C:\Web Pages\PHP\page_so\Figuras\logo_meio_curso.jpg --> php.iscc.com.br /public_html/page_so/Figuras logo_meio_curso.jpg
104.04.12 11:19 B C:\Web Pages\PHP\page_so\Figuras\logo_meio_instituicao.jpg --> php.iscc.com.br /public_html/page_so/Figuras logo_meio_instituicao.jpg
104.04.12 11:19 B C:\Web Pages\PHP\page_so\Figuras\logo_meio_so.jpg --> php.iscc.com.br /public_html/page_so/Figuras logo_meio_so.jpg
104.04.12 11:19 B C:\Web Pages\PHP\page_so\Figuras\logo_page_inicial.jpg --> php.iscc.com.br /public_html/page_so/Figuras logo_page_inicial.jpg
104.04.12 11:19 B C:\Web Pages\PHP\page_so\Figuras\teste.jpg --> php.iscc.com.br /public_html/page_so/Figuras teste.jpg
104.04.12 11:19 B C:\Web Pages\PHP\page_so\Figuras\Thumbs.db --> php.iscc.com.br /public_html/page_so/Figuras Thumbs.db
104.04.12 11:19 B C:\Web Pages\PHP\page_so\Figuras\WS_FTP.LOG --> php.iscc.com.br /public_html/page_so/Figuras WS_FTP.LOG
104.04.13 09:12 B C:\Web Pages\PHP\page_so\Figuras\01imagemcapitulo0102.jpg --> php.iscc.com.br /public_html/page_so/Figuras 01imagemcapitulo0102.jpg
104.04.13 09:12 B C:\Web Pages\PHP\page_so\Figuras\01imagemcapitulo0708.jpg --> php.iscc.com.br /public_html/page_so/Figuras 01imagemcapitulo0708.jpg
104.04.13 09:12 B C:\Web Pages\PHP\page_so\Figuras\01imagemcapitulo1213.jpg --> php.iscc.com.br /public_html/page_so/Figuras 01imagemcapitulo1213.jpg
104.04.13 09:12 B C:\Web Pages\PHP\page_so\Figuras\02imagemcapitulo0102.jpg --> php.iscc.com.br /public_html/page_so/Figuras 02imagemcapitulo0102.jpg
104.04.13 09:12 B C:\Web Pages\PHP\page_so\Figuras\02imagemcapitulo0708.jpg --> php.iscc.com.br /public_html/page_so/Figuras 02imagemcapitulo0708.jpg
104.04.13 09:12 B C:\Web Pages\PHP\page_so\Figuras\02imagemcapitulo1213.jpg --> php.iscc.com.br /public_html/page_so/Figuras 02imagemcapitulo1213.jpg
104.04.13 09:12 B C:\Web Pages\PHP\page_so\Figuras\03imagemcapitulo0102.jpg --> php.iscc.com.br /public_html/page_so/Figuras 03imagemcapitulo0102.jpg
104.04.13 09:12 B C:\Web Pages\PHP\page_so\Figuras\03imagemcapitulo0708.jpg --> php.iscc.com.br /public_html/page_so/Figuras 03imagemcapitulo0708.jpg
104.04.13 09:12 B C:\Web Pages\PHP\page_so\Figuras\03imagemcapitulo1213.jpg --> php.iscc.com.br /public_html/page_so/Figuras 03imagemcapitulo1213.jpg
104.04.13 09:12 B C:\Web Pages\PHP\page_so\Figuras\04imagemcapitulo0102.jpg --> php.iscc.com.br /public_html/page_so/Figuras 04imagemcapitulo0102.jpg
104.04.13 09:12 B C:\Web Pages\PHP\page_so\Figuras\04imagemcapitulo0708.jpg --> php.iscc.com.br /public_html/page_so/Figuras 04imagemcapitulo0708.jpg
104.04.13 09:12 B C:\Web Pages\PHP\page_so\Figuras\05imagemcapitulo0102.jpg --> php.iscc.com.br /public_html/page_so/Figuras 05imagemcapitulo0102.jpg
104.04.13 09:12 B C:\Web Pages\PHP\page_so\Figuras\05imagemcapitulo0708.jpg --> php.iscc.com.br /public_html/page_so/Figuras 05imagemcapitulo0708.jpg
104.04.13 09:12 B C:\Web Pages\PHP\page_so\Figuras\06imagemcapitulo0102.jpg --> php.iscc.com.br /public_html/page_so/Figuras 06imagemcapitulo0102.jpg
104.04.13 09:12 B C:\Web Pages\PHP\page_so\Figuras\06imagemcapitulo0708.jpg --> php.iscc.com.br /public_html/page_so/Figuras 06imagemcapitulo0708.jpg
104.04.13 09:12 B C:\Web Pages\PHP\page_so\Figuras\07imagemcapitulo0102.jpg --> php.iscc.com.br /public_html/page_so/Figuras 07imagemcapitulo0102.jpg
104.04.13 09:12 B C:\Web Pages\PHP\page_so\Figuras\07imagemcapitulo0708.jpg --> php.iscc.com.br /public_html/page_so/Figuras 07imagemcapitulo0708.jpg
104.04.13 09:12 B C:\Web Pages\PHP\page_so\Figuras\08imagemcapitulo0102.jpg --> php.iscc.com.br /public_html/page_so/Figuras 08imagemcapitulo0102.jpg
104.04.13 09:12 B C:\Web Pages\PHP\page_so\Figuras\08imagemcapitulo0708.jpg --> php.iscc.com.br /public_html/page_so/Figuras 08imagemcapitulo0708.jpg
104.04.13 09:12 B C:\Web Pages\PHP\page_so\Figuras\09imagemcapitulo0102.jpg --> php.iscc.com.br /public_html/page_so/Figuras 09imagemcapitulo0102.jpg
104.04.13 09:12 B C:\Web Pages\PHP\page_so\Figuras\10imagemcapitulo0102.jpg --> php.iscc.com.br /public_html/page_so/Figuras 10imagemcapitulo0102.jpg
104.04.13 09:12 B C:\Web Pages\PHP\page_so\Figuras\button.jpg --> php.iscc.com.br /public_html/page_so/Figuras button.jpg
104.04.13 09:12 B C:\Web Pages\PHP\page_so\Figuras\button_new.gif --> php.iscc.com.br /public_html/page_so/Figuras button_new.gif
104.04.13 09:12 B C:\Web Pages\PHP\page_so\Figuras\button_new.jpg --> php.iscc.com.br /public_html/page_so/Figuras button_new.jpg
104.04.13 09:12 B C:\Web Pages\PHP\page_so\Figuras\Figura_topo.jpg --> php.iscc.com.br /public_html/page_so/Figuras Figura_topo.jpg
104.04.13 09:12 B C:\Web Pages\PHP\page_so\Figuras\letras_topo.jpg --> php.iscc.com.br /public_html/page_so/Figuras letras_topo.jpg
104.04.13 09:12 B C:\Web Pages\PHP\page_so\Figuras\logo_meio_curso.jpg --> php.iscc.com.br /public_html/page_so/Figuras logo_meio_curso.jpg
104.04.13 09:12 B C:\Web Pages\PHP\page_so\Figuras\logo_meio_instituicao.jpg --> php.iscc.com.br /public_html/page_so/Figuras logo_meio_instituicao.jpg
104.04.13 09:12 B C:\Web Pages\PHP\page_so\Figuras\logo_meio_so.jpg --> php.iscc.com.br /public_html/page_so/Figuras logo_meio_so.jpg
104.04.13 09:12 B C:\Web Pages\PHP\page_so\Figuras\logo_page_inicial.jpg --> php.iscc.com.br /public_html/page_so/Figuras logo_page_inicial.jpg
104.04.13 09:12 B C:\Web Pages\PHP\page_so\Figuras\teste.jpg --> php.iscc.com.br /public_html/page_so/Figuras teste.jpg
104.04.13 09:12 B C:\Web Pages\PHP\page_so\Figuras\Thumbs.db --> php.iscc.com.br /public_html/page_so/Figuras Thumbs.db
104.04.13 09:12 B C:\Web Pages\PHP\page_so\Figuras\WS_FTP.LOG --> php.iscc.com.br /public_html/page_so/Figuras WS_FTP.LOG
104.04.14 14:34 B C:\Web Pages\PHP\page_so\Figuras\01imagemcapitulo0102.jpg --> php.iscc.com.br /public_html/page_so/Figuras 01imagemcapitulo0102.jpg
104.04.14 14:34 B C:\Web Pages\PHP\page_so\Figuras\01imagemcapitulo0708.jpg --> php.iscc.com.br /public_html/page_so/Figuras 01imagemcapitulo0708.jpg
104.04.14 14:34 B C:\Web Pages\PHP\page_so\Figuras\01imagemcapitulo11.jpg --> php.iscc.com.br /public_html/page_so/Figuras 01imagemcapitulo11.jpg
104.04.14 14:34 B C:\Web Pages\PHP\page_so\Figuras\01imagemcapitulo1213.jpg --> php.iscc.com.br /public_html/page_so/Figuras 01imagemcapitulo1213.jpg
104.04.14 14:34 B C:\Web Pages\PHP\page_so\Figuras\02imagemcapitulo0102.jpg --> php.iscc.com.br /public_html/page_so/Figuras 02imagemcapitulo0102.jpg
104.04.14 14:34 B C:\Web Pages\PHP\page_so\Figuras\02imagemcapitulo0708.jpg --> php.iscc.com.br /public_html/page_so/Figuras 02imagemcapitulo0708.jpg
104.04.14 14:34 B C:\Web Pages\PHP\page_so\Figuras\02imagemcapitulo1213.jpg --> php.iscc.com.br /public_html/page_so/Figuras 02imagemcapitulo1213.jpg
104.04.14 14:34 B C:\Web Pages\PHP\page_so\Figuras\03imagemcapitulo0102.jpg --> php.iscc.com.br /public_html/page_so/Figuras 03imagemcapitulo0102.jpg
104.04.14 14:34 B C:\Web Pages\PHP\page_so\Figuras\03imagemcapitulo0708.jpg --> php.iscc.com.br /public_html/page_so/Figuras 03imagemcapitulo0708.jpg
104.04.14 14:34 B C:\Web Pages\PHP\page_so\Figuras\03imagemcapitulo1213.jpg --> php.iscc.com.br /public_html/page_so/Figuras 03imagemcapitulo1213.jpg
104.04.14 14:34 B C:\Web Pages\PHP\page_so\Figuras\04imagemcapitulo0102.jpg --> php.iscc.com.br /public_html/page_so/Figuras 04imagemcapitulo0102.jpg
104.04.14 14:34 B C:\Web Pages\PHP\page_so\Figuras\04imagemcapitulo0708.jpg --> php.iscc.com.br /public_html/page_so/Figuras 04imagemcapitulo0708.jpg
104.04.14 14:34 B C:\Web Pages\PHP\page_so\Figuras\05imagemcapitulo0102.jpg --> php.iscc.com.br /public_html/page_so/Figuras 05imagemcapitulo0102.jpg
104.04.14 14:34 B C:\Web Pages\PHP\page_so\Figuras\05imagemcapitulo0708.jpg --> php.iscc.com.br /public_html/page_so/Figuras 05imagemcapitulo0708.jpg
104.04.14 14:34 B C:\Web Pages\PHP\page_so\Figuras\06imagemcapitulo0102.jpg --> php.iscc.com.br /public_html/page_so/Figuras 06imagemcapitulo0102.jpg
104.04.14 14:34 B C:\Web Pages\PHP\page_so\Figuras\06imagemcapitulo0708.jpg --> php.iscc.com.br /public_html/page_so/Figuras 06imagemcapitulo0708.jpg
104.04.14 14:34 B C:\Web Pages\PHP\page_so\Figuras\07imagemcapitulo0102.jpg --> php.iscc.com.br /public_html/page_so/Figuras 07imagemcapitulo0102.jpg
104.04.14 14:34 B C:\Web Pages\PHP\page_so\Figuras\07imagemcapitulo0708.jpg --> php.iscc.com.br /public_html/page_so/Figuras 07imagemcapitulo0708.jpg
104.04.14 14:34 B C:\Web Pages\PHP\page_so\Figuras\08imagemcapitulo0102.jpg --> php.iscc.com.br /public_html/page_so/Figuras 08imagemcapitulo0102.jpg
104.04.14 14:34 B C:\Web Pages\PHP\page_so\Figuras\08imagemcapitulo0708.jpg --> php.iscc.com.br /public_html/page_so/Figuras 08imagemcapitulo0708.jpg
104.04.14 14:34 B C:\Web Pages\PHP\page_so\Figuras\09imagemcapitulo0102.jpg --> php.iscc.com.br /public_html/page_so/Figuras 09imagemcapitulo0102.jpg
104.04.14 14:34 B C:\Web Pages\PHP\page_so\Figuras\10imagemcapitulo0102.jpg --> php.iscc.com.br /public_html/page_so/Figuras 10imagemcapitulo0102.jpg
104.04.14 14:34 B C:\Web Pages\PHP\page_so\Figuras\button.jpg --> php.iscc.com.br /public_html/page_so/Figuras button.jpg
104.04.14 14:34 B C:\Web Pages\PHP\page_so\Figuras\button_new.gif --> php.iscc.com.br /public_html/page_so/Figuras button_new.gif
104.04.14 14:34 B C:\Web Pages\PHP\page_so\Figuras\button_new.jpg --> php.iscc.com.br /public_html/page_so/Figuras button_new.jpg
104.04.14 14:34 B C:\Web Pages\PHP\page_so\Figuras\Figura_topo.jpg --> php.iscc.com.br /public_html/page_so/Figuras Figura_topo.jpg
104.04.14 14:34 B C:\Web Pages\PHP\page_so\Figuras\letras_topo.jpg --> php.iscc.com.br /public_html/page_so/Figuras letras_topo.jpg
104.04.14 14:34 B C:\Web Pages\PHP\page_so\Figuras\logo_meio_curso.jpg --> php.iscc.com.br /public_html/page_so/Figuras logo_meio_curso.jpg
104.04.14 14:34 B C:\Web Pages\PHP\page_so\Figuras\logo_meio_instituicao.jpg --> php.iscc.com.br /public_html/page_so/Figuras logo_meio_instituicao.jpg
104.04.14 14:34 B C:\Web Pages\PHP\page_so\Figuras\logo_meio_so.jpg --> php.iscc.com.br /public_html/page_so/Figuras logo_meio_so.jpg
104.04.14 14:34 B C:\Web Pages\PHP\page_so\Figuras\logo_page_inicial.jpg --> php.iscc.com.br /public_html/page_so/Figuras logo_page_inicial.jpg
104.04.14 14:34 B C:\Web Pages\PHP\page_so\Figuras\teste.jpg --> php.iscc.com.br /public_html/page_so/Figuras teste.jpg
104.04.14 14:34 B C:\Web Pages\PHP\page_so\Figuras\Thumbs.db --> php.iscc.com.br /public_html/page_so/Figuras Thumbs.db
104.04.14 14:34 B C:\Web Pages\PHP\page_so\Figuras\WS_FTP.LOG --> php.iscc.com.br /public_html/page_so/Figuras WS_FTP.LOG
104.04.15 11:33 B C:\Web Pages\PHP\page_so\Figuras\01imagemcapitulo0102.jpg --> php.iscc.com.br /public_html/page_so/Figuras 01imagemcapitulo0102.jpg
104.04.15 11:33 B C:\Web Pages\PHP\page_so\Figuras\01imagemcapitulo0708.jpg --> php.iscc.com.br /public_html/page_so/Figuras 01imagemcapitulo0708.jpg
104.04.15 11:33 B C:\Web Pages\PHP\page_so\Figuras\01imagemcapitulo0910.jpg --> php.iscc.com.br /public_html/page_so/Figuras 01imagemcapitulo0910.jpg
104.04.15 11:33 B C:\Web Pages\PHP\page_so\Figuras\01imagemcapitulo11.jpg --> php.iscc.com.br /public_html/page_so/Figuras 01imagemcapitulo11.jpg
104.04.15 11:33 B C:\Web Pages\PHP\page_so\Figuras\01imagemcapitulo1213.jpg --> php.iscc.com.br /public_html/page_so/Figuras 01imagemcapitulo1213.jpg
104.04.15 11:33 B C:\Web Pages\PHP\page_so\Figuras\02imagemcapitulo0102.jpg --> php.iscc.com.br /public_html/page_so/Figuras 02imagemcapitulo0102.jpg
104.04.15 11:33 B C:\Web Pages\PHP\page_so\Figuras\02imagemcapitulo0708.jpg --> php.iscc.com.br /public_html/page_so/Figuras 02imagemcapitulo0708.jpg
104.04.15 11:33 B C:\Web Pages\PHP\page_so\Figuras\02imagemcapitulo0910.jpg --> php.iscc.com.br /public_html/page_so/Figuras 02imagemcapitulo0910.jpg
104.04.15 11:33 B C:\Web Pages\PHP\page_so\Figuras\02imagemcapitulo1213.jpg --> php.iscc.com.br /public_html/page_so/Figuras 02imagemcapitulo1213.jpg
104.04.15 11:33 B C:\Web Pages\PHP\page_so\Figuras\03imagemcapitulo0102.jpg --> php.iscc.com.br /public_html/page_so/Figuras 03imagemcapitulo0102.jpg
104.04.15 11:33 B C:\Web Pages\PHP\page_so\Figuras\03imagemcapitulo0708.jpg --> php.iscc.com.br /public_html/page_so/Figuras 03imagemcapitulo0708.jpg
104.04.15 11:33 B C:\Web Pages\PHP\page_so\Figuras\03imagemcapitulo0910.jpg --> php.iscc.com.br /public_html/page_so/Figuras 03imagemcapitulo0910.jpg
104.04.15 11:34 B C:\Web Pages\PHP\page_so\Figuras\03imagemcapitulo1213.jpg --> php.iscc.com.br /public_html/page_so/Figuras 03imagemcapitulo1213.jpg
104.04.15 11:34 B C:\Web Pages\PHP\page_so\Figuras\04imagemcapitulo0102.jpg --> php.iscc.com.br /public_html/page_so/Figuras 04imagemcapitulo0102.jpg
104.04.15 11:34 B C:\Web Pages\PHP\page_so\Figuras\04imagemcapitulo0708.jpg --> php.iscc.com.br /public_html/page_so/Figuras 04imagemcapitulo0708.jpg
104.04.15 11:34 B C:\Web Pages\PHP\page_so\Figuras\04imagemcapitulo0910.jpg --> php.iscc.com.br /public_html/page_so/Figuras 04imagemcapitulo0910.jpg
104.04.15 11:34 B C:\Web Pages\PHP\page_so\Figuras\05imagemcapitulo0102.jpg --> php.iscc.com.br /public_html/page_so/Figuras 05imagemcapitulo0102.jpg
104.04.15 11:34 B C:\Web Pages\PHP\page_so\Figuras\05imagemcapitulo0708.jpg --> php.iscc.com.br /public_html/page_so/Figuras 05imagemcapitulo0708.jpg
104.04.15 11:34 B C:\Web Pages\PHP\page_so\Figuras\05imagemcapitulo0910.jpg --> php.iscc.com.br /public_html/page_so/Figuras 05imagemcapitulo0910.jpg
104.04.15 11:34 B C:\Web Pages\PHP\page_so\Figuras\06imagemcapitulo0102.jpg --> php.iscc.com.br /public_html/page_so/Figuras 06imagemcapitulo0102.jpg
104.04.15 11:34 B C:\Web Pages\PHP\page_so\Figuras\06imagemcapitulo0708.jpg --> php.iscc.com.br /public_html/page_so/Figuras 06imagemcapitulo0708.jpg
104.04.15 11:34 B C:\Web Pages\PHP\page_so\Figuras\06imagemcapitulo0910.jpg --> php.iscc.com.br /public_html/page_so/Figuras 06imagemcapitulo0910.jpg
104.04.15 11:34 B C:\Web Pages\PHP\page_so\Figuras\07imagemcapitulo0102.jpg --> php.iscc.com.br /public_html/page_so/Figuras 07imagemcapitulo0102.jpg
104.04.15 11:34 B C:\Web Pages\PHP\page_so\Figuras\07imagemcapitulo0708.jpg --> php.iscc.com.br /public_html/page_so/Figuras 07imagemcapitulo0708.jpg
104.04.15 11:34 B C:\Web Pages\PHP\page_so\Figuras\08imagemcapitulo0102.jpg --> php.iscc.com.br /public_html/page_so/Figuras 08imagemcapitulo0102.jpg
104.04.15 11:34 B C:\Web Pages\PHP\page_so\Figuras\08imagemcapitulo0708.jpg --> php.iscc.com.br /public_html/page_so/Figuras 08imagemcapitulo0708.jpg
104.04.15 11:34 B C:\Web Pages\PHP\page_so\Figuras\09imagemcapitulo0102.jpg --> php.iscc.com.br /public_html/page_so/Figuras 09imagemcapitulo0102.jpg
104.04.15 11:34 B C:\Web Pages\PHP\page_so\Figuras\10imagemcapitulo0102.jpg --> php.iscc.com.br /public_html/page_so/Figuras 10imagemcapitulo0102.jpg
104.04.15 11:34 B C:\Web Pages\PHP\page_so\Figuras\button.jpg --> php.iscc.com.br /public_html/page_so/Figuras button.jpg
104.04.15 11:34 B C:\Web Pages\PHP\page_so\Figuras\button_new.gif --> php.iscc.com.br /public_html/page_so/Figuras button_new.gif
104.04.15 11:34 B C:\Web Pages\PHP\page_so\Figuras\button_new.jpg --> php.iscc.com.br /public_html/page_so/Figuras button_new.jpg
104.04.15 11:34 B C:\Web Pages\PHP\page_so\Figuras\Figura_topo.jpg --> php.iscc.com.br /public_html/page_so/Figuras Figura_topo.jpg
104.04.15 11:34 B C:\Web Pages\PHP\page_so\Figuras\letras_topo.jpg --> php.iscc.com.br /public_html/page_so/Figuras letras_topo.jpg
104.04.15 11:34 B C:\Web Pages\PHP\page_so\Figuras\logo_meio_curso.jpg --> php.iscc.com.br /public_html/page_so/Figuras logo_meio_curso.jpg
104.04.15 11:34 B C:\Web Pages\PHP\page_so\Figuras\logo_meio_instituicao.jpg --> php.iscc.com.br /public_html/page_so/Figuras logo_meio_instituicao.jpg
104.04.15 11:34 B C:\Web Pages\PHP\page_so\Figuras\logo_meio_so.jpg --> php.iscc.com.br /public_html/page_so/Figuras logo_meio_so.jpg
104.04.15 11:34 B C:\Web Pages\PHP\page_so\Figuras\logo_page_inicial.jpg --> php.iscc.com.br /public_html/page_so/Figuras logo_page_inicial.jpg
104.04.15 11:34 B C:\Web Pages\PHP\page_so\Figuras\teste.jpg --> php.iscc.com.br /public_html/page_so/Figuras teste.jpg
104.04.15 11:34 B C:\Web Pages\PHP\page_so\Figuras\Thumbs.db --> php.iscc.com.br /public_html/page_so/Figuras Thumbs.db
104.04.15 11:34 B C:\Web Pages\PHP\page_so\Figuras\WS_FTP.LOG --> php.iscc.com.br /public_html/page_so/Figuras WS_FTP.LOG
104.04.15 14:51 B C:\Web Pages\PHP\page_so\Figuras\01imagemcapitulo0102.jpg --> php.iscc.com.br /public_html/page_so/Figuras 01imagemcapitulo0102.jpg
104.04.15 14:51 B C:\Web Pages\PHP\page_so\Figuras\01imagemcapitulo0708.jpg --> php.iscc.com.br /public_html/page_so/Figuras 01imagemcapitulo0708.jpg
104.04.15 14:51 B C:\Web Pages\PHP\page_so\Figuras\01imagemcapitulo0910.jpg --> php.iscc.com.br /public_html/page_so/Figuras 01imagemcapitulo0910.jpg
104.04.15 14:51 B C:\Web Pages\PHP\page_so\Figuras\01imagemcapitulo11.jpg --> php.iscc.com.br /public_html/page_so/Figuras 01imagemcapitulo11.jpg
104.04.15 14:51 B C:\Web Pages\PHP\page_so\Figuras\01imagemcapitulo1213.jpg --> php.iscc.com.br /public_html/page_so/Figuras 01imagemcapitulo1213.jpg
104.04.15 14:51 B C:\Web Pages\PHP\page_so\Figuras\02imagemcapitulo0102.jpg --> php.iscc.com.br /public_html/page_so/Figuras 02imagemcapitulo0102.jpg
104.04.15 14:51 B C:\Web Pages\PHP\page_so\Figuras\02imagemcapitulo0708.jpg --> php.iscc.com.br /public_html/page_so/Figuras 02imagemcapitulo0708.jpg
104.04.15 14:51 B C:\Web Pages\PHP\page_so\Figuras\02imagemcapitulo0910.jpg --> php.iscc.com.br /public_html/page_so/Figuras 02imagemcapitulo0910.jpg
104.04.15 14:51 B C:\Web Pages\PHP\page_so\Figuras\02imagemcapitulo1213.jpg --> php.iscc.com.br /public_html/page_so/Figuras 02imagemcapitulo1213.jpg
104.04.15 14:51 B C:\Web Pages\PHP\page_so\Figuras\03imagemcapitulo0102.jpg --> php.iscc.com.br /public_html/page_so/Figuras 03imagemcapitulo0102.jpg
104.04.15 14:51 B C:\Web Pages\PHP\page_so\Figuras\03imagemcapitulo0708.jpg --> php.iscc.com.br /public_html/page_so/Figuras 03imagemcapitulo0708.jpg
104.04.15 14:51 B C:\Web Pages\PHP\page_so\Figuras\03imagemcapitulo0910.jpg --> php.iscc.com.br /public_html/page_so/Figuras 03imagemcapitulo0910.jpg
104.04.15 14:51 B C:\Web Pages\PHP\page_so\Figuras\03imagemcapitulo1213.jpg --> php.iscc.com.br /public_html/page_so/Figuras 03imagemcapitulo1213.jpg
104.04.15 14:51 B C:\Web Pages\PHP\page_so\Figuras\04imagemcapitulo0102.jpg --> php.iscc.com.br /public_html/page_so/Figuras 04imagemcapitulo0102.jpg
104.04.15 14:51 B C:\Web Pages\PHP\page_so\Figuras\04imagemcapitulo0708.jpg --> php.iscc.com.br /public_html/page_so/Figuras 04imagemcapitulo0708.jpg
104.04.15 14:51 B C:\Web Pages\PHP\page_so\Figuras\04imagemcapitulo0910.jpg --> php.iscc.com.br /public_html/page_so/Figuras 04imagemcapitulo0910.jpg
104.04.15 14:51 B C:\Web Pages\PHP\page_so\Figuras\05imagemcapitulo0102.jpg --> php.iscc.com.br /public_html/page_so/Figuras 05imagemcapitulo0102.jpg
104.04.15 14:51 B C:\Web Pages\PHP\page_so\Figuras\05imagemcapitulo0708.jpg --> php.iscc.com.br /public_html/page_so/Figuras 05imagemcapitulo0708.jpg
104.04.15 14:51 B C:\Web Pages\PHP\page_so\Figuras\05imagemcapitulo0910.jpg --> php.iscc.com.br /public_html/page_so/Figuras 05imagemcapitulo0910.jpg
104.04.15 14:51 B C:\Web Pages\PHP\page_so\Figuras\06imagemcapitulo0102.jpg --> php.iscc.com.br /public_html/page_so/Figuras 06imagemcapitulo0102.jpg
104.04.15 14:51 B C:\Web Pages\PHP\page_so\Figuras\06imagemcapitulo0708.jpg --> php.iscc.com.br /public_html/page_so/Figuras 06imagemcapitulo0708.jpg
104.04.15 14:51 B C:\Web Pages\PHP\page_so\Figuras\06imagemcapitulo0910.jpg --> php.iscc.com.br /public_html/page_so/Figuras 06imagemcapitulo0910.jpg
104.04.15 14:51 B C:\Web Pages\PHP\page_so\Figuras\07imagemcapitulo0102.jpg --> php.iscc.com.br /public_html/page_so/Figuras 07imagemcapitulo0102.jpg
104.04.15 14:51 B C:\Web Pages\PHP\page_so\Figuras\07imagemcapitulo0708.jpg --> php.iscc.com.br /public_html/page_so/Figuras 07imagemcapitulo0708.jpg
104.04.15 14:51 B C:\Web Pages\PHP\page_so\Figuras\08imagemcapitulo0102.jpg --> php.iscc.com.br /public_html/page_so/Figuras 08imagemcapitulo0102.jpg
104.04.15 14:51 B C:\Web Pages\PHP\page_so\Figuras\08imagemcapitulo0708.jpg --> php.iscc.com.br /public_html/page_so/Figuras 08imagemcapitulo0708.jpg
104.04.15 14:51 B C:\Web Pages\PHP\page_so\Figuras\09imagemcapitulo0102.jpg --> php.iscc.com.br /public_html/page_so/Figuras 09imagemcapitulo0102.jpg
104.04.15 14:51 B C:\Web Pages\PHP\page_so\Figuras\10imagemcapitulo0102.jpg --> php.iscc.com.br /public_html/page_so/Figuras 10imagemcapitulo0102.jpg
104.04.15 14:51 B C:\Web Pages\PHP\page_so\Figuras\button.jpg --> php.iscc.com.br /public_html/page_so/Figuras button.jpg
104.04.15 14:51 B C:\Web Pages\PHP\page_so\Figuras\button_new.gif --> php.iscc.com.br /public_html/page_so/Figuras button_new.gif
104.04.15 14:51 B C:\Web Pages\PHP\page_so\Figuras\button_new.jpg --> php.iscc.com.br /public_html/page_so/Figuras button_new.jpg
104.04.15 14:51 B C:\Web Pages\PHP\page_so\Figuras\Figura_topo.jpg --> php.iscc.com.br /public_html/page_so/Figuras Figura_topo.jpg
104.04.15 14:51 B C:\Web Pages\PHP\page_so\Figuras\letras_topo.jpg --> php.iscc.com.br /public_html/page_so/Figuras letras_topo.jpg
104.04.15 14:51 B C:\Web Pages\PHP\page_so\Figuras\logo_meio_curso.jpg --> php.iscc.com.br /public_html/page_so/Figuras logo_meio_curso.jpg
104.04.15 14:51 B C:\Web Pages\PHP\page_so\Figuras\logo_meio_instituicao.jpg --> php.iscc.com.br /public_html/page_so/Figuras logo_meio_instituicao.jpg
104.04.15 14:51 B C:\Web Pages\PHP\page_so\Figuras\logo_meio_so.jpg --> php.iscc.com.br /public_html/page_so/Figuras logo_meio_so.jpg
104.04.15 14:51 B C:\Web Pages\PHP\page_so\Figuras\logo_page_inicial.jpg --> php.iscc.com.br /public_html/page_so/Figuras logo_page_inicial.jpg
104.04.15 14:51 B C:\Web Pages\PHP\page_so\Figuras\teste.jpg --> php.iscc.com.br /public_html/page_so/Figuras teste.jpg
104.04.15 14:51 B C:\Web Pages\PHP\page_so\Figuras\Thumbs.db --> php.iscc.com.br /public_html/page_so/Figuras Thumbs.db
104.04.15 14:51 B C:\Web Pages\PHP\page_so\Figuras\WS_FTP.LOG --> php.iscc.com.br /public_html/page_so/Figuras WS_FTP.LOG
104.04.16 17:26 B C:\Web Pages\PHP\page_so\Figuras\01imagemcapitulo0102.jpg --> php.iscc.com.br /public_html/page_so/Figuras 01imagemcapitulo0102.jpg
104.04.16 17:26 B C:\Web Pages\PHP\page_so\Figuras\01imagemcapitulo0304.jpg --> php.iscc.com.br /public_html/page_so/Figuras 01imagemcapitulo0304.jpg
104.04.16 17:26 B C:\Web Pages\PHP\page_so\Figuras\01imagemcapitulo0708.jpg --> php.iscc.com.br /public_html/page_so/Figuras 01imagemcapitulo0708.jpg
104.04.16 17:26 B C:\Web Pages\PHP\page_so\Figuras\01imagemcapitulo0910.jpg --> php.iscc.com.br /public_html/page_so/Figuras 01imagemcapitulo0910.jpg
104.04.16 17:26 B C:\Web Pages\PHP\page_so\Figuras\01imagemcapitulo11.jpg --> php.iscc.com.br /public_html/page_so/Figuras 01imagemcapitulo11.jpg
104.04.16 17:26 B C:\Web Pages\PHP\page_so\Figuras\01imagemcapitulo1213.jpg --> php.iscc.com.br /public_html/page_so/Figuras 01imagemcapitulo1213.jpg
104.04.16 17:26 B C:\Web Pages\PHP\page_so\Figuras\02imagemcapitulo0102.jpg --> php.iscc.com.br /public_html/page_so/Figuras 02imagemcapitulo0102.jpg
104.04.16 17:26 B C:\Web Pages\PHP\page_so\Figuras\02imagemcapitulo0304.jpg --> php.iscc.com.br /public_html/page_so/Figuras 02imagemcapitulo0304.jpg
104.04.16 17:26 B C:\Web Pages\PHP\page_so\Figuras\02imagemcapitulo0708.jpg --> php.iscc.com.br /public_html/page_so/Figuras 02imagemcapitulo0708.jpg
104.04.16 17:26 B C:\Web Pages\PHP\page_so\Figuras\02imagemcapitulo0910.jpg --> php.iscc.com.br /public_html/page_so/Figuras 02imagemcapitulo0910.jpg
104.04.16 17:26 B C:\Web Pages\PHP\page_so\Figuras\02imagemcapitulo1213.jpg --> php.iscc.com.br /public_html/page_so/Figuras 02imagemcapitulo1213.jpg
104.04.16 17:26 B C:\Web Pages\PHP\page_so\Figuras\03imagemcapitulo0102.jpg --> php.iscc.com.br /public_html/page_so/Figuras 03imagemcapitulo0102.jpg
104.04.16 17:26 B C:\Web Pages\PHP\page_so\Figuras\03imagemcapitulo0304.jpg --> php.iscc.com.br /public_html/page_so/Figuras 03imagemcapitulo0304.jpg
104.04.16 17:26 B C:\Web Pages\PHP\page_so\Figuras\03imagemcapitulo0708.jpg --> php.iscc.com.br /public_html/page_so/Figuras 03imagemcapitulo0708.jpg
104.04.16 17:26 B C:\Web Pages\PHP\page_so\Figuras\03imagemcapitulo0910.jpg --> php.iscc.com.br /public_html/page_so/Figuras 03imagemcapitulo0910.jpg
104.04.16 17:26 B C:\Web Pages\PHP\page_so\Figuras\03imagemcapitulo1213.jpg --> php.iscc.com.br /public_html/page_so/Figuras 03imagemcapitulo1213.jpg
104.04.16 17:26 B C:\Web Pages\PHP\page_so\Figuras\04imagemcapitulo0102.jpg --> php.iscc.com.br /public_html/page_so/Figuras 04imagemcapitulo0102.jpg
104.04.16 17:26 B C:\Web Pages\PHP\page_so\Figuras\04imagemcapitulo0304.jpg --> php.iscc.com.br /public_html/page_so/Figuras 04imagemcapitulo0304.jpg
104.04.16 17:26 B C:\Web Pages\PHP\page_so\Figuras\04imagemcapitulo0708.jpg --> php.iscc.com.br /public_html/page_so/Figuras 04imagemcapitulo0708.jpg
104.04.16 17:26 B C:\Web Pages\PHP\page_so\Figuras\04imagemcapitulo0910.jpg --> php.iscc.com.br /public_html/page_so/Figuras 04imagemcapitulo0910.jpg
104.04.16 17:26 B C:\Web Pages\PHP\page_so\Figuras\05imagemcapitulo0102.jpg --> php.iscc.com.br /public_html/page_so/Figuras 05imagemcapitulo0102.jpg
104.04.16 17:26 B C:\Web Pages\PHP\page_so\Figuras\05imagemcapitulo0304.jpg --> php.iscc.com.br /public_html/page_so/Figuras 05imagemcapitulo0304.jpg
104.04.16 17:26 B C:\Web Pages\PHP\page_so\Figuras\05imagemcapitulo0708.jpg --> php.iscc.com.br /public_html/page_so/Figuras 05imagemcapitulo0708.jpg
104.04.16 17:26 B C:\Web Pages\PHP\page_so\Figuras\05imagemcapitulo0910.jpg --> php.iscc.com.br /public_html/page_so/Figuras 05imagemcapitulo0910.jpg
104.04.16 17:26 B C:\Web Pages\PHP\page_so\Figuras\06imagemcapitulo0102.jpg --> php.iscc.com.br /public_html/page_so/Figuras 06imagemcapitulo0102.jpg
104.04.16 17:26 B C:\Web Pages\PHP\page_so\Figuras\06imagemcapitulo0304.jpg --> php.iscc.com.br /public_html/page_so/Figuras 06imagemcapitulo0304.jpg
104.04.16 17:26 B C:\Web Pages\PHP\page_so\Figuras\06imagemcapitulo0708.jpg --> php.iscc.com.br /public_html/page_so/Figuras 06imagemcapitulo0708.jpg
104.04.16 17:26 B C:\Web Pages\PHP\page_so\Figuras\06imagemcapitulo0910.jpg --> php.iscc.com.br /public_html/page_so/Figuras 06imagemcapitulo0910.jpg
104.04.16 17:26 B C:\Web Pages\PHP\page_so\Figuras\07imagemcapitulo0102.jpg --> php.iscc.com.br /public_html/page_so/Figuras 07imagemcapitulo0102.jpg
104.04.16 17:26 B C:\Web Pages\PHP\page_so\Figuras\07imagemcapitulo0304.jpg --> php.iscc.com.br /public_html/page_so/Figuras 07imagemcapitulo0304.jpg
104.04.16 17:26 B C:\Web Pages\PHP\page_so\Figuras\07imagemcapitulo0708.jpg --> php.iscc.com.br /public_html/page_so/Figuras 07imagemcapitulo0708.jpg
104.04.16 17:26 B C:\Web Pages\PHP\page_so\Figuras\08imagemcapitulo0102.jpg --> php.iscc.com.br /public_html/page_so/Figuras 08imagemcapitulo0102.jpg
104.04.16 17:26 B C:\Web Pages\PHP\page_so\Figuras\08imagemcapitulo0304.jpg --> php.iscc.com.br /public_html/page_so/Figuras 08imagemcapitulo0304.jpg
104.04.16 17:26 B C:\Web Pages\PHP\page_so\Figuras\08imagemcapitulo0708.jpg --> php.iscc.com.br /public_html/page_so/Figuras 08imagemcapitulo0708.jpg
104.04.16 17:26 B C:\Web Pages\PHP\page_so\Figuras\09imagemcapitulo0102.jpg --> php.iscc.com.br /public_html/page_so/Figuras 09imagemcapitulo0102.jpg
104.04.16 17:26 B C:\Web Pages\PHP\page_so\Figuras\09imagemcapitulo0304.jpg --> php.iscc.com.br /public_html/page_so/Figuras 09imagemcapitulo0304.jpg
104.04.16 17:26 B C:\Web Pages\PHP\page_so\Figuras\10imagemcapitulo0102.jpg --> php.iscc.com.br /public_html/page_so/Figuras 10imagemcapitulo0102.jpg
104.04.16 17:26 B C:\Web Pages\PHP\page_so\Figuras\10imagemcapitulo0304.jpg --> php.iscc.com.br /public_html/page_so/Figuras 10imagemcapitulo0304.jpg
104.04.16 17:26 B C:\Web Pages\PHP\page_so\Figuras\11imagemcapitulo0304.jpg --> php.iscc.com.br /public_html/page_so/Figuras 11imagemcapitulo0304.jpg
104.04.16 17:26 B C:\Web Pages\PHP\page_so\Figuras\12imagemcapitulo0304.jpg --> php.iscc.com.br /public_html/page_so/Figuras 12imagemcapitulo0304.jpg
104.04.16 17:26 B C:\Web Pages\PHP\page_so\Figuras\13imagemcapitulo0304.jpg --> php.iscc.com.br /public_html/page_so/Figuras 13imagemcapitulo0304.jpg
104.04.16 17:26 B C:\Web Pages\PHP\page_so\Figuras\14imagemcapitulo0304.jpg --> php.iscc.com.br /public_html/page_so/Figuras 14imagemcapitulo0304.jpg
104.04.16 17:26 B C:\Web Pages\PHP\page_so\Figuras\15imagemcapitulo0304.jpg --> php.iscc.com.br /public_html/page_so/Figuras 15imagemcapitulo0304.jpg
104.04.16 17:26 B C:\Web Pages\PHP\page_so\Figuras\16imagemcapitulo0304.jpg --> php.iscc.com.br /public_html/page_so/Figuras 16imagemcapitulo0304.jpg
104.04.16 17:26 B C:\Web Pages\PHP\page_so\Figuras\17imagemcapitulo0304.jpg --> php.iscc.com.br /public_html/page_so/Figuras 17imagemcapitulo0304.jpg
104.04.16 17:26 B C:\Web Pages\PHP\page_so\Figuras\18imagemcapitulo0304.jpg --> php.iscc.com.br /public_html/page_so/Figuras 18imagemcapitulo0304.jpg
104.04.16 17:26 B C:\Web Pages\PHP\page_so\Figuras\19imagemcapitulo0304.jpg --> php.iscc.com.br /public_html/page_so/Figuras 19imagemcapitulo0304.jpg
104.04.16 17:26 B C:\Web Pages\PHP\page_so\Figuras\button.jpg --> php.iscc.com.br /public_html/page_so/Figuras button.jpg
104.04.16 17:26 B C:\Web Pages\PHP\page_so\Figuras\button_new.gif --> php.iscc.com.br /public_html/page_so/Figuras button_new.gif
104.04.16 17:26 B C:\Web Pages\PHP\page_so\Figuras\button_new.jpg --> php.iscc.com.br /public_html/page_so/Figuras button_new.jpg
104.04.16 17:26 B C:\Web Pages\PHP\page_so\Figuras\Figura_topo.jpg --> php.iscc.com.br /public_html/page_so/Figuras Figura_topo.jpg
104.04.16 17:26 B C:\Web Pages\PHP\page_so\Figuras\letras_topo.jpg --> php.iscc.com.br /public_html/page_so/Figuras letras_topo.jpg
104.04.16 17:26 B C:\Web Pages\PHP\page_so\Figuras\logo_meio_curso.jpg --> php.iscc.com.br /public_html/page_so/Figuras logo_meio_curso.jpg
104.04.16 17:26 B C:\Web Pages\PHP\page_so\Figuras\logo_meio_instituicao.jpg --> php.iscc.com.br /public_html/page_so/Figuras logo_meio_instituicao.jpg
104.04.16 17:26 B C:\Web Pages\PHP\page_so\Figuras\logo_meio_so.jpg --> php.iscc.com.br /public_html/page_so/Figuras logo_meio_so.jpg
104.04.16 17:26 B C:\Web Pages\PHP\page_so\Figuras\logo_page_inicial.jpg --> php.iscc.com.br /public_html/page_so/Figuras logo_page_inicial.jpg
104.04.16 17:26 B C:\Web Pages\PHP\page_so\Figuras\teste.jpg --> php.iscc.com.br /public_html/page_so/Figuras teste.jpg
104.04.16 17:26 B C:\Web Pages\PHP\page_so\Figuras\Thumbs.db --> php.iscc.com.br /public_html/page_so/Figuras Thumbs.db
104.04.16 17:26 B C:\Web Pages\PHP\page_so\Figuras\WS_FTP.LOG --> php.iscc.com.br /public_html/page_so/Figuras WS_FTP.LOG
104.04.19 18:01 B C:\Web Pages\PHP\page_so\Figuras\01imagemcapitulo0102.jpg --> php.iscc.com.br /public_html/page_so/Figuras 01imagemcapitulo0102.jpg
104.04.19 18:01 B C:\Web Pages\PHP\page_so\Figuras\01imagemcapitulo0304.jpg --> php.iscc.com.br /public_html/page_so/Figuras 01imagemcapitulo0304.jpg
104.04.19 18:01 B C:\Web Pages\PHP\page_so\Figuras\01imagemcapitulo0708.jpg --> php.iscc.com.br /public_html/page_so/Figuras 01imagemcapitulo0708.jpg
104.04.19 18:01 B C:\Web Pages\PHP\page_so\Figuras\01imagemcapitulo0910.jpg --> php.iscc.com.br /public_html/page_so/Figuras 01imagemcapitulo0910.jpg
104.04.19 18:01 B C:\Web Pages\PHP\page_so\Figuras\01imagemcapitulo11.jpg --> php.iscc.com.br /public_html/page_so/Figuras 01imagemcapitulo11.jpg
104.04.19 18:01 B C:\Web Pages\PHP\page_so\Figuras\01imagemcapitulo1213.jpg --> php.iscc.com.br /public_html/page_so/Figuras 01imagemcapitulo1213.jpg
104.04.19 18:01 B C:\Web Pages\PHP\page_so\Figuras\01imagemcapitulo1415.jpg --> php.iscc.com.br /public_html/page_so/Figuras 01imagemcapitulo1415.jpg
104.04.19 18:01 B C:\Web Pages\PHP\page_so\Figuras\02imagemcapitulo0102.jpg --> php.iscc.com.br /public_html/page_so/Figuras 02imagemcapitulo0102.jpg
104.04.19 18:01 B C:\Web Pages\PHP\page_so\Figuras\02imagemcapitulo0304.jpg --> php.iscc.com.br /public_html/page_so/Figuras 02imagemcapitulo0304.jpg
104.04.19 18:01 B C:\Web Pages\PHP\page_so\Figuras\02imagemcapitulo0708.jpg --> php.iscc.com.br /public_html/page_so/Figuras 02imagemcapitulo0708.jpg
104.04.19 18:01 B C:\Web Pages\PHP\page_so\Figuras\02imagemcapitulo0910.jpg --> php.iscc.com.br /public_html/page_so/Figuras 02imagemcapitulo0910.jpg
104.04.19 18:01 B C:\Web Pages\PHP\page_so\Figuras\02imagemcapitulo1213.jpg --> php.iscc.com.br /public_html/page_so/Figuras 02imagemcapitulo1213.jpg
104.04.19 18:01 B C:\Web Pages\PHP\page_so\Figuras\02imagemcapitulo1415.jpg --> php.iscc.com.br /public_html/page_so/Figuras 02imagemcapitulo1415.jpg
104.04.19 18:01 B C:\Web Pages\PHP\page_so\Figuras\03imagemcapitulo0102.jpg --> php.iscc.com.br /public_html/page_so/Figuras 03imagemcapitulo0102.jpg
104.04.19 18:01 B C:\Web Pages\PHP\page_so\Figuras\03imagemcapitulo0304.jpg --> php.iscc.com.br /public_html/page_so/Figuras 03imagemcapitulo0304.jpg
104.04.19 18:01 B C:\Web Pages\PHP\page_so\Figuras\03imagemcapitulo0708.jpg --> php.iscc.com.br /public_html/page_so/Figuras 03imagemcapitulo0708.jpg
104.04.19 18:01 B C:\Web Pages\PHP\page_so\Figuras\03imagemcapitulo0910.jpg --> php.iscc.com.br /public_html/page_so/Figuras 03imagemcapitulo0910.jpg
104.04.19 18:01 B C:\Web Pages\PHP\page_so\Figuras\03imagemcapitulo1213.jpg --> php.iscc.com.br /public_html/page_so/Figuras 03imagemcapitulo1213.jpg
104.04.19 18:01 B C:\Web Pages\PHP\page_so\Figuras\03imagemcapitulo1415.jpg --> php.iscc.com.br /public_html/page_so/Figuras 03imagemcapitulo1415.jpg
104.04.19 18:01 B C:\Web Pages\PHP\page_so\Figuras\04imagemcapitulo0102.jpg --> php.iscc.com.br /public_html/page_so/Figuras 04imagemcapitulo0102.jpg
104.04.19 18:01 B C:\Web Pages\PHP\page_so\Figuras\04imagemcapitulo0304.jpg --> php.iscc.com.br /public_html/page_so/Figuras 04imagemcapitulo0304.jpg
104.04.19 18:01 B C:\Web Pages\PHP\page_so\Figuras\04imagemcapitulo0708.jpg --> php.iscc.com.br /public_html/page_so/Figuras 04imagemcapitulo0708.jpg
104.04.19 18:01 B C:\Web Pages\PHP\page_so\Figuras\04imagemcapitulo0910.jpg --> php.iscc.com.br /public_html/page_so/Figuras 04imagemcapitulo0910.jpg
104.04.19 18:01 B C:\Web Pages\PHP\page_so\Figuras\04imagemcapitulo1415.jpg --> php.iscc.com.br /public_html/page_so/Figuras 04imagemcapitulo1415.jpg
104.04.19 18:01 B C:\Web Pages\PHP\page_so\Figuras\05imagemcapitulo0102.jpg --> php.iscc.com.br /public_html/page_so/Figuras 05imagemcapitulo0102.jpg
104.04.19 18:01 B C:\Web Pages\PHP\page_so\Figuras\05imagemcapitulo0304.jpg --> php.iscc.com.br /public_html/page_so/Figuras 05imagemcapitulo0304.jpg
104.04.19 18:01 B C:\Web Pages\PHP\page_so\Figuras\05imagemcapitulo0708.jpg --> php.iscc.com.br /public_html/page_so/Figuras 05imagemcapitulo0708.jpg
104.04.19 18:01 B C:\Web Pages\PHP\page_so\Figuras\05imagemcapitulo0910.jpg --> php.iscc.com.br /public_html/page_so/Figuras 05imagemcapitulo0910.jpg
104.04.19 18:01 B C:\Web Pages\PHP\page_so\Figuras\05imagemcapitulo1415.jpg --> php.iscc.com.br /public_html/page_so/Figuras 05imagemcapitulo1415.jpg
104.04.19 18:01 B C:\Web Pages\PHP\page_so\Figuras\06imagemcapitulo0102.jpg --> php.iscc.com.br /public_html/page_so/Figuras 06imagemcapitulo0102.jpg
104.04.19 18:01 B C:\Web Pages\PHP\page_so\Figuras\06imagemcapitulo0304.jpg --> php.iscc.com.br /public_html/page_so/Figuras 06imagemcapitulo0304.jpg
104.04.19 18:01 B C:\Web Pages\PHP\page_so\Figuras\06imagemcapitulo0708.jpg --> php.iscc.com.br /public_html/page_so/Figuras 06imagemcapitulo0708.jpg
104.04.19 18:01 B C:\Web Pages\PHP\page_so\Figuras\06imagemcapitulo0910.jpg --> php.iscc.com.br /public_html/page_so/Figuras 06imagemcapitulo0910.jpg
104.04.19 18:01 B C:\Web Pages\PHP\page_so\Figuras\06imagemcapitulo1415.jpg --> php.iscc.com.br /public_html/page_so/Figuras 06imagemcapitulo1415.jpg
104.04.19 18:01 B C:\Web Pages\PHP\page_so\Figuras\07imagemcapitulo0102.jpg --> php.iscc.com.br /public_html/page_so/Figuras 07imagemcapitulo0102.jpg
104.04.19 18:01 B C:\Web Pages\PHP\page_so\Figuras\07imagemcapitulo0304.jpg --> php.iscc.com.br /public_html/page_so/Figuras 07imagemcapitulo0304.jpg
104.04.19 18:01 B C:\Web Pages\PHP\page_so\Figuras\07imagemcapitulo0708.jpg --> php.iscc.com.br /public_html/page_so/Figuras 07imagemcapitulo0708.jpg
104.04.19 18:01 B C:\Web Pages\PHP\page_so\Figuras\07imagemcapitulo1415.jpg --> php.iscc.com.br /public_html/page_so/Figuras 07imagemcapitulo1415.jpg
104.04.19 18:01 B C:\Web Pages\PHP\page_so\Figuras\08imagemcapitulo0102.jpg --> php.iscc.com.br /public_html/page_so/Figuras 08imagemcapitulo0102.jpg
104.04.19 18:01 B C:\Web Pages\PHP\page_so\Figuras\08imagemcapitulo0304.jpg --> php.iscc.com.br /public_html/page_so/Figuras 08imagemcapitulo0304.jpg
104.04.19 18:01 B C:\Web Pages\PHP\page_so\Figuras\08imagemcapitulo0708.jpg --> php.iscc.com.br /public_html/page_so/Figuras 08imagemcapitulo0708.jpg
104.04.19 18:01 B C:\Web Pages\PHP\page_so\Figuras\08imagemcapitulo1415.jpg --> php.iscc.com.br /public_html/page_so/Figuras 08imagemcapitulo1415.jpg
104.04.19 18:01 B C:\Web Pages\PHP\page_so\Figuras\09imagemcapitulo0102.jpg --> php.iscc.com.br /public_html/page_so/Figuras 09imagemcapitulo0102.jpg
104.04.19 18:01 B C:\Web Pages\PHP\page_so\Figuras\09imagemcapitulo0304.jpg --> php.iscc.com.br /public_html/page_so/Figuras 09imagemcapitulo0304.jpg
104.04.19 18:01 B C:\Web Pages\PHP\page_so\Figuras\09imagemcapitulo1415.jpg --> php.iscc.com.br /public_html/page_so/Figuras 09imagemcapitulo1415.jpg
104.04.19 18:01 B C:\Web Pages\PHP\page_so\Figuras\10imagemcapitulo0102.jpg --> php.iscc.com.br /public_html/page_so/Figuras 10imagemcapitulo0102.jpg
104.04.19 18:01 B C:\Web Pages\PHP\page_so\Figuras\10imagemcapitulo0304.jpg --> php.iscc.com.br /public_html/page_so/Figuras 10imagemcapitulo0304.jpg
104.04.19 18:01 B C:\Web Pages\PHP\page_so\Figuras\10imagemcapitulo1415.jpg --> php.iscc.com.br /public_html/page_so/Figuras 10imagemcapitulo1415.jpg
104.04.19 18:01 B C:\Web Pages\PHP\page_so\Figuras\11imagemcapitulo0304.jpg --> php.iscc.com.br /public_html/page_so/Figuras 11imagemcapitulo0304.jpg
104.04.19 18:01 B C:\Web Pages\PHP\page_so\Figuras\11imagemcapitulo1415.jpg --> php.iscc.com.br /public_html/page_so/Figuras 11imagemcapitulo1415.jpg
104.04.19 18:01 B C:\Web Pages\PHP\page_so\Figuras\12imagemcapitulo0304.jpg --> php.iscc.com.br /public_html/page_so/Figuras 12imagemcapitulo0304.jpg
104.04.19 18:01 B C:\Web Pages\PHP\page_so\Figuras\12imagemcapitulo1415.jpg --> php.iscc.com.br /public_html/page_so/Figuras 12imagemcapitulo1415.jpg
104.04.19 18:01 B C:\Web Pages\PHP\page_so\Figuras\13imagemcapitulo0304.jpg --> php.iscc.com.br /public_html/page_so/Figuras 13imagemcapitulo0304.jpg
104.04.19 18:01 B C:\Web Pages\PHP\page_so\Figuras\13imagemcapitulo1415.jpg --> php.iscc.com.br /public_html/page_so/Figuras 13imagemcapitulo1415.jpg
104.04.19 18:01 B C:\Web Pages\PHP\page_so\Figuras\14imagemcapitulo0304.jpg --> php.iscc.com.br /public_html/page_so/Figuras 14imagemcapitulo0304.jpg
104.04.19 18:01 B C:\Web Pages\PHP\page_so\Figuras\14imagemcapitulo1415.jpg --> php.iscc.com.br /public_html/page_so/Figuras 14imagemcapitulo1415.jpg
104.04.19 18:01 B C:\Web Pages\PHP\page_so\Figuras\15imagemcapitulo0304.jpg --> php.iscc.com.br /public_html/page_so/Figuras 15imagemcapitulo0304.jpg
104.04.19 18:01 B C:\Web Pages\PHP\page_so\Figuras\15imagemcapitulo1415.jpg --> php.iscc.com.br /public_html/page_so/Figuras 15imagemcapitulo1415.jpg
104.04.19 18:01 B C:\Web Pages\PHP\page_so\Figuras\16imagemcapitulo0304.jpg --> php.iscc.com.br /public_html/page_so/Figuras 16imagemcapitulo0304.jpg
104.04.19 18:01 B C:\Web Pages\PHP\page_so\Figuras\16imagemcapitulo1415.jpg --> php.iscc.com.br /public_html/page_so/Figuras 16imagemcapitulo1415.jpg
104.04.19 18:01 B C:\Web Pages\PHP\page_so\Figuras\17imagemcapitulo0304.jpg --> php.iscc.com.br /public_html/page_so/Figuras 17imagemcapitulo0304.jpg
104.04.19 18:01 B C:\Web Pages\PHP\page_so\Figuras\17imagemcapitulo1415.jpg --> php.iscc.com.br /public_html/page_so/Figuras 17imagemcapitulo1415.jpg
104.04.19 18:01 B C:\Web Pages\PHP\page_so\Figuras\18imagemcapitulo0304.jpg --> php.iscc.com.br /public_html/page_so/Figuras 18imagemcapitulo0304.jpg
104.04.19 18:01 B C:\Web Pages\PHP\page_so\Figuras\18imagemcapitulo1415.jpg --> php.iscc.com.br /public_html/page_so/Figuras 18imagemcapitulo1415.jpg
104.04.19 18:01 B C:\Web Pages\PHP\page_so\Figuras\19imagemcapitulo0304.jpg --> php.iscc.com.br /public_html/page_so/Figuras 19imagemcapitulo0304.jpg
104.04.19 18:01 B C:\Web Pages\PHP\page_so\Figuras\19imagemcapitulo1415.jpg --> php.iscc.com.br /public_html/page_so/Figuras 19imagemcapitulo1415.jpg
104.04.19 18:01 B C:\Web Pages\PHP\page_so\Figuras\20imagemcapitulo1415.jpg --> php.iscc.com.br /public_html/page_so/Figuras 20imagemcapitulo1415.jpg
104.04.19 18:01 B C:\Web Pages\PHP\page_so\Figuras\21imagemcapitulo1415.jpg --> php.iscc.com.br /public_html/page_so/Figuras 21imagemcapitulo1415.jpg
104.04.19 18:01 B C:\Web Pages\PHP\page_so\Figuras\22imagemcapitulo1415.jpg --> php.iscc.com.br /public_html/page_so/Figuras 22imagemcapitulo1415.jpg
104.04.19 18:01 B C:\Web Pages\PHP\page_so\Figuras\23imagemcapitulo1415.jpg --> php.iscc.com.br /public_html/page_so/Figuras 23imagemcapitulo1415.jpg
104.04.19 18:01 B C:\Web Pages\PHP\page_so\Figuras\24imagemcapitulo1415.jpg --> php.iscc.com.br /public_html/page_so/Figuras 24imagemcapitulo1415.jpg
104.04.19 18:01 B C:\Web Pages\PHP\page_so\Figuras\25imagemcapitulo1415.jpg --> php.iscc.com.br /public_html/page_so/Figuras 25imagemcapitulo1415.jpg
104.04.19 18:01 B C:\Web Pages\PHP\page_so\Figuras\26imagemcapitulo1415.jpg --> php.iscc.com.br /public_html/page_so/Figuras 26imagemcapitulo1415.jpg
104.04.19 18:01 B C:\Web Pages\PHP\page_so\Figuras\27imagemcapitulo1415.jpg --> php.iscc.com.br /public_html/page_so/Figuras 27imagemcapitulo1415.jpg
104.04.19 18:01 B C:\Web Pages\PHP\page_so\Figuras\28imagemcapitulo1415.jpg --> php.iscc.com.br /public_html/page_so/Figuras 28imagemcapitulo1415.jpg
104.04.19 18:01 B C:\Web Pages\PHP\page_so\Figuras\29imagemcapitulo1415.jpg --> php.iscc.com.br /public_html/page_so/Figuras 29imagemcapitulo1415.jpg
104.04.19 18:01 B C:\Web Pages\PHP\page_so\Figuras\30imagemcapitulo1415.jpg --> php.iscc.com.br /public_html/page_so/Figuras 30imagemcapitulo1415.jpg
104.04.19 18:01 B C:\Web Pages\PHP\page_so\Figuras\button.jpg --> php.iscc.com.br /public_html/page_so/Figuras button.jpg
104.04.19 18:01 B C:\Web Pages\PHP\page_so\Figuras\button_new.gif --> php.iscc.com.br /public_html/page_so/Figuras button_new.gif
104.04.19 18:01 B C:\Web Pages\PHP\page_so\Figuras\button_new.jpg --> php.iscc.com.br /public_html/page_so/Figuras button_new.jpg
104.04.19 18:01 B C:\Web Pages\PHP\page_so\Figuras\Figura_topo.jpg --> php.iscc.com.br /public_html/page_so/Figuras Figura_topo.jpg
104.04.19 18:01 B C:\Web Pages\PHP\page_so\Figuras\letras_topo.jpg --> php.iscc.com.br /public_html/page_so/Figuras letras_topo.jpg
104.04.19 18:01 B C:\Web Pages\PHP\page_so\Figuras\logo_meio_curso.jpg --> php.iscc.com.br /public_html/page_so/Figuras logo_meio_curso.jpg
104.04.19 18:01 B C:\Web Pages\PHP\page_so\Figuras\logo_meio_instituicao.jpg --> php.iscc.com.br /public_html/page_so/Figuras logo_meio_instituicao.jpg
104.04.19 18:01 B C:\Web Pages\PHP\page_so\Figuras\logo_meio_so.jpg --> php.iscc.com.br /public_html/page_so/Figuras logo_meio_so.jpg
104.04.19 18:01 B C:\Web Pages\PHP\page_so\Figuras\logo_page_inicial.jpg --> php.iscc.com.br /public_html/page_so/Figuras logo_page_inicial.jpg
104.04.19 18:01 B C:\Web Pages\PHP\page_so\Figuras\teste.jpg --> php.iscc.com.br /public_html/page_so/Figuras teste.jpg
104.04.19 18:01 B C:\Web Pages\PHP\page_so\Figuras\Thumbs.db --> php.iscc.com.br /public_html/page_so/Figuras Thumbs.db
104.04.19 18:01 B C:\Web Pages\PHP\page_so\Figuras\WS_FTP.LOG --> php.iscc.com.br /public_html/page_so/Figuras WS_FTP.LOG
104.04.20 16:19 B C:\Web Pages\PHP\page_so\Figuras\01imagemcapitulo0102.jpg --> php.iscc.com.br /public_html/page_so/Figuras 01imagemcapitulo0102.jpg
104.04.20 16:19 B C:\Web Pages\PHP\page_so\Figuras\01imagemcapitulo0304.jpg --> php.iscc.com.br /public_html/page_so/Figuras 01imagemcapitulo0304.jpg
104.04.20 16:19 B C:\Web Pages\PHP\page_so\Figuras\01imagemcapitulo0708.jpg --> php.iscc.com.br /public_html/page_so/Figuras 01imagemcapitulo0708.jpg
104.04.20 16:19 B C:\Web Pages\PHP\page_so\Figuras\01imagemcapitulo0910.jpg --> php.iscc.com.br /public_html/page_so/Figuras 01imagemcapitulo0910.jpg
104.04.20 16:19 B C:\Web Pages\PHP\page_so\Figuras\01imagemcapitulo11.jpg --> php.iscc.com.br /public_html/page_so/Figuras 01imagemcapitulo11.jpg
104.04.20 16:19 B C:\Web Pages\PHP\page_so\Figuras\01imagemcapitulo1213.jpg --> php.iscc.com.br /public_html/page_so/Figuras 01imagemcapitulo1213.jpg
104.04.20 16:19 B C:\Web Pages\PHP\page_so\Figuras\01imagemcapitulo1415.jpg --> php.iscc.com.br /public_html/page_so/Figuras 01imagemcapitulo1415.jpg
104.04.20 16:19 B C:\Web Pages\PHP\page_so\Figuras\02imagemcapitulo0102.jpg --> php.iscc.com.br /public_html/page_so/Figuras 02imagemcapitulo0102.jpg
104.04.20 16:19 B C:\Web Pages\PHP\page_so\Figuras\02imagemcapitulo0304.jpg --> php.iscc.com.br /public_html/page_so/Figuras 02imagemcapitulo0304.jpg
104.04.20 16:19 B C:\Web Pages\PHP\page_so\Figuras\02imagemcapitulo0708.jpg --> php.iscc.com.br /public_html/page_so/Figuras 02imagemcapitulo0708.jpg
104.04.20 16:19 B C:\Web Pages\PHP\page_so\Figuras\02imagemcapitulo0910.jpg --> php.iscc.com.br /public_html/page_so/Figuras 02imagemcapitulo0910.jpg
104.04.20 16:19 B C:\Web Pages\PHP\page_so\Figuras\02imagemcapitulo1213.jpg --> php.iscc.com.br /public_html/page_so/Figuras 02imagemcapitulo1213.jpg
104.04.20 16:19 B C:\Web Pages\PHP\page_so\Figuras\02imagemcapitulo1415.jpg --> php.iscc.com.br /public_html/page_so/Figuras 02imagemcapitulo1415.jpg
104.04.20 16:19 B C:\Web Pages\PHP\page_so\Figuras\03imagemcapitulo0102.jpg --> php.iscc.com.br /public_html/page_so/Figuras 03imagemcapitulo0102.jpg
104.04.20 16:19 B C:\Web Pages\PHP\page_so\Figuras\03imagemcapitulo0304.jpg --> php.iscc.com.br /public_html/page_so/Figuras 03imagemcapitulo0304.jpg
104.04.20 16:19 B C:\Web Pages\PHP\page_so\Figuras\03imagemcapitulo0708.jpg --> php.iscc.com.br /public_html/page_so/Figuras 03imagemcapitulo0708.jpg
104.04.20 16:19 B C:\Web Pages\PHP\page_so\Figuras\03imagemcapitulo0910.jpg --> php.iscc.com.br /public_html/page_so/Figuras 03imagemcapitulo0910.jpg
104.04.20 16:19 B C:\Web Pages\PHP\page_so\Figuras\03imagemcapitulo1213.jpg --> php.iscc.com.br /public_html/page_so/Figuras 03imagemcapitulo1213.jpg
104.04.20 16:19 B C:\Web Pages\PHP\page_so\Figuras\03imagemcapitulo1415.jpg --> php.iscc.com.br /public_html/page_so/Figuras 03imagemcapitulo1415.jpg
104.04.20 16:19 B C:\Web Pages\PHP\page_so\Figuras\04imagemcapitulo0102.jpg --> php.iscc.com.br /public_html/page_so/Figuras 04imagemcapitulo0102.jpg
104.04.20 16:19 B C:\Web Pages\PHP\page_so\Figuras\04imagemcapitulo0304.jpg --> php.iscc.com.br /public_html/page_so/Figuras 04imagemcapitulo0304.jpg
104.04.20 16:19 B C:\Web Pages\PHP\page_so\Figuras\04imagemcapitulo0708.jpg --> php.iscc.com.br /public_html/page_so/Figuras 04imagemcapitulo0708.jpg
104.04.20 16:19 B C:\Web Pages\PHP\page_so\Figuras\04imagemcapitulo0910.jpg --> php.iscc.com.br /public_html/page_so/Figuras 04imagemcapitulo0910.jpg
104.04.20 16:19 B C:\Web Pages\PHP\page_so\Figuras\04imagemcapitulo1415.jpg --> php.iscc.com.br /public_html/page_so/Figuras 04imagemcapitulo1415.jpg
104.04.20 16:19 B C:\Web Pages\PHP\page_so\Figuras\05imagemcapitulo0102.jpg --> php.iscc.com.br /public_html/page_so/Figuras 05imagemcapitulo0102.jpg
104.04.20 16:19 B C:\Web Pages\PHP\page_so\Figuras\05imagemcapitulo0304.jpg --> php.iscc.com.br /public_html/page_so/Figuras 05imagemcapitulo0304.jpg
104.04.20 16:19 B C:\Web Pages\PHP\page_so\Figuras\05imagemcapitulo0708.jpg --> php.iscc.com.br /public_html/page_so/Figuras 05imagemcapitulo0708.jpg
104.04.20 16:19 B C:\Web Pages\PHP\page_so\Figuras\05imagemcapitulo0910.jpg --> php.iscc.com.br /public_html/page_so/Figuras 05imagemcapitulo0910.jpg
104.04.20 16:19 B C:\Web Pages\PHP\page_so\Figuras\05imagemcapitulo1415.jpg --> php.iscc.com.br /public_html/page_so/Figuras 05imagemcapitulo1415.jpg
104.04.20 16:19 B C:\Web Pages\PHP\page_so\Figuras\06imagemcapitulo0102.jpg --> php.iscc.com.br /public_html/page_so/Figuras 06imagemcapitulo0102.jpg
104.04.20 16:19 B C:\Web Pages\PHP\page_so\Figuras\06imagemcapitulo0304.jpg --> php.iscc.com.br /public_html/page_so/Figuras 06imagemcapitulo0304.jpg
104.04.20 16:19 B C:\Web Pages\PHP\page_so\Figuras\06imagemcapitulo0708.jpg --> php.iscc.com.br /public_html/page_so/Figuras 06imagemcapitulo0708.jpg
104.04.20 16:19 B C:\Web Pages\PHP\page_so\Figuras\06imagemcapitulo0910.jpg --> php.iscc.com.br /public_html/page_so/Figuras 06imagemcapitulo0910.jpg
104.04.20 16:19 B C:\Web Pages\PHP\page_so\Figuras\06imagemcapitulo1415.jpg --> php.iscc.com.br /public_html/page_so/Figuras 06imagemcapitulo1415.jpg
104.04.20 16:19 B C:\Web Pages\PHP\page_so\Figuras\07imagemcapitulo0102.jpg --> php.iscc.com.br /public_html/page_so/Figuras 07imagemcapitulo0102.jpg
104.04.20 16:19 B C:\Web Pages\PHP\page_so\Figuras\07imagemcapitulo0304.jpg --> php.iscc.com.br /public_html/page_so/Figuras 07imagemcapitulo0304.jpg
104.04.20 16:19 B C:\Web Pages\PHP\page_so\Figuras\07imagemcapitulo0708.jpg --> php.iscc.com.br /public_html/page_so/Figuras 07imagemcapitulo0708.jpg
104.04.20 16:19 B C:\Web Pages\PHP\page_so\Figuras\07imagemcapitulo1415.jpg --> php.iscc.com.br /public_html/page_so/Figuras 07imagemcapitulo1415.jpg
104.04.20 16:19 B C:\Web Pages\PHP\page_so\Figuras\08imagemcapitulo0102.jpg --> php.iscc.com.br /public_html/page_so/Figuras 08imagemcapitulo0102.jpg
104.04.20 16:19 B C:\Web Pages\PHP\page_so\Figuras\08imagemcapitulo0304.jpg --> php.iscc.com.br /public_html/page_so/Figuras 08imagemcapitulo0304.jpg
104.04.20 16:19 B C:\Web Pages\PHP\page_so\Figuras\08imagemcapitulo0708.jpg --> php.iscc.com.br /public_html/page_so/Figuras 08imagemcapitulo0708.jpg
104.04.20 16:19 B C:\Web Pages\PHP\page_so\Figuras\08imagemcapitulo1415.jpg --> php.iscc.com.br /public_html/page_so/Figuras 08imagemcapitulo1415.jpg
104.04.20 16:19 B C:\Web Pages\PHP\page_so\Figuras\09imagemcapitulo0102.jpg --> php.iscc.com.br /public_html/page_so/Figuras 09imagemcapitulo0102.jpg
104.04.20 16:19 B C:\Web Pages\PHP\page_so\Figuras\09imagemcapitulo0304.jpg --> php.iscc.com.br /public_html/page_so/Figuras 09imagemcapitulo0304.jpg
104.04.20 16:19 B C:\Web Pages\PHP\page_so\Figuras\09imagemcapitulo1415.jpg --> php.iscc.com.br /public_html/page_so/Figuras 09imagemcapitulo1415.jpg
104.04.20 16:19 B C:\Web Pages\PHP\page_so\Figuras\10imagemcapitulo0102.jpg --> php.iscc.com.br /public_html/page_so/Figuras 10imagemcapitulo0102.jpg
104.04.20 16:19 B C:\Web Pages\PHP\page_so\Figuras\10imagemcapitulo0304.jpg --> php.iscc.com.br /public_html/page_so/Figuras 10imagemcapitulo0304.jpg
104.04.20 16:19 B C:\Web Pages\PHP\page_so\Figuras\10imagemcapitulo1415.jpg --> php.iscc.com.br /public_html/page_so/Figuras 10imagemcapitulo1415.jpg
104.04.20 16:19 B C:\Web Pages\PHP\page_so\Figuras\11imagemcapitulo0304.jpg --> php.iscc.com.br /public_html/page_so/Figuras 11imagemcapitulo0304.jpg
104.04.20 16:19 B C:\Web Pages\PHP\page_so\Figuras\11imagemcapitulo1415.jpg --> php.iscc.com.br /public_html/page_so/Figuras 11imagemcapitulo1415.jpg
104.04.20 16:19 B C:\Web Pages\PHP\page_so\Figuras\12imagemcapitulo0304.jpg --> php.iscc.com.br /public_html/page_so/Figuras 12imagemcapitulo0304.jpg
104.04.20 16:19 B C:\Web Pages\PHP\page_so\Figuras\12imagemcapitulo1415.jpg --> php.iscc.com.br /public_html/page_so/Figuras 12imagemcapitulo1415.jpg
104.04.20 16:19 B C:\Web Pages\PHP\page_so\Figuras\13imagemcapitulo0304.jpg --> php.iscc.com.br /public_html/page_so/Figuras 13imagemcapitulo0304.jpg
104.04.20 16:19 B C:\Web Pages\PHP\page_so\Figuras\13imagemcapitulo1415.jpg --> php.iscc.com.br /public_html/page_so/Figuras 13imagemcapitulo1415.jpg
104.04.20 16:19 B C:\Web Pages\PHP\page_so\Figuras\14imagemcapitulo0304.jpg --> php.iscc.com.br /public_html/page_so/Figuras 14imagemcapitulo0304.jpg
104.04.20 16:19 B C:\Web Pages\PHP\page_so\Figuras\14imagemcapitulo1415.jpg --> php.iscc.com.br /public_html/page_so/Figuras 14imagemcapitulo1415.jpg
104.04.20 16:19 B C:\Web Pages\PHP\page_so\Figuras\15imagemcapitulo0304.jpg --> php.iscc.com.br /public_html/page_so/Figuras 15imagemcapitulo0304.jpg
104.04.20 16:19 B C:\Web Pages\PHP\page_so\Figuras\15imagemcapitulo1415.jpg --> php.iscc.com.br /public_html/page_so/Figuras 15imagemcapitulo1415.jpg
104.04.20 16:19 B C:\Web Pages\PHP\page_so\Figuras\16imagemcapitulo0304.jpg --> php.iscc.com.br /public_html/page_so/Figuras 16imagemcapitulo0304.jpg
104.04.20 16:19 B C:\Web Pages\PHP\page_so\Figuras\16imagemcapitulo1415.jpg --> php.iscc.com.br /public_html/page_so/Figuras 16imagemcapitulo1415.jpg
104.04.20 16:19 B C:\Web Pages\PHP\page_so\Figuras\17imagemcapitulo0304.jpg --> php.iscc.com.br /public_html/page_so/Figuras 17imagemcapitulo0304.jpg
104.04.20 16:19 B C:\Web Pages\PHP\page_so\Figuras\17imagemcapitulo1415.jpg --> php.iscc.com.br /public_html/page_so/Figuras 17imagemcapitulo1415.jpg
104.04.20 16:19 B C:\Web Pages\PHP\page_so\Figuras\18imagemcapitulo0304.jpg --> php.iscc.com.br /public_html/page_so/Figuras 18imagemcapitulo0304.jpg
104.04.20 16:19 B C:\Web Pages\PHP\page_so\Figuras\18imagemcapitulo1415.jpg --> php.iscc.com.br /public_html/page_so/Figuras 18imagemcapitulo1415.jpg
104.04.20 16:19 B C:\Web Pages\PHP\page_so\Figuras\19imagemcapitulo0304.jpg --> php.iscc.com.br /public_html/page_so/Figuras 19imagemcapitulo0304.jpg
104.04.20 16:19 B C:\Web Pages\PHP\page_so\Figuras\19imagemcapitulo1415.jpg --> php.iscc.com.br /public_html/page_so/Figuras 19imagemcapitulo1415.jpg
104.04.20 16:19 B C:\Web Pages\PHP\page_so\Figuras\20imagemcapitulo1415.jpg --> php.iscc.com.br /public_html/page_so/Figuras 20imagemcapitulo1415.jpg
104.04.20 16:19 B C:\Web Pages\PHP\page_so\Figuras\21imagemcapitulo1415.jpg --> php.iscc.com.br /public_html/page_so/Figuras 21imagemcapitulo1415.jpg
104.04.20 16:19 B C:\Web Pages\PHP\page_so\Figuras\22imagemcapitulo1415.jpg --> php.iscc.com.br /public_html/page_so/Figuras 22imagemcapitulo1415.jpg
104.04.20 16:19 B C:\Web Pages\PHP\page_so\Figuras\23imagemcapitulo1415.jpg --> php.iscc.com.br /public_html/page_so/Figuras 23imagemcapitulo1415.jpg
104.04.20 16:19 B C:\Web Pages\PHP\page_so\Figuras\24imagemcapitulo1415.jpg --> php.iscc.com.br /public_html/page_so/Figuras 24imagemcapitulo1415.jpg
104.04.20 16:19 B C:\Web Pages\PHP\page_so\Figuras\25imagemcapitulo1415.jpg --> php.iscc.com.br /public_html/page_so/Figuras 25imagemcapitulo1415.jpg
104.04.20 16:19 B C:\Web Pages\PHP\page_so\Figuras\26imagemcapitulo1415.jpg --> php.iscc.com.br /public_html/page_so/Figuras 26imagemcapitulo1415.jpg
104.04.20 16:19 B C:\Web Pages\PHP\page_so\Figuras\27imagemcapitulo1415.jpg --> php.iscc.com.br /public_html/page_so/Figuras 27imagemcapitulo1415.jpg
104.04.20 16:19 B C:\Web Pages\PHP\page_so\Figuras\28imagemcapitulo1415.jpg --> php.iscc.com.br /public_html/page_so/Figuras 28imagemcapitulo1415.jpg
104.04.20 16:19 B C:\Web Pages\PHP\page_so\Figuras\29imagemcapitulo1415.jpg --> php.iscc.com.br /public_html/page_so/Figuras 29imagemcapitulo1415.jpg
104.04.20 16:19 B C:\Web Pages\PHP\page_so\Figuras\30imagemcapitulo1415.jpg --> php.iscc.com.br /public_html/page_so/Figuras 30imagemcapitulo1415.jpg
104.04.20 16:19 B C:\Web Pages\PHP\page_so\Figuras\button.jpg --> php.iscc.com.br /public_html/page_so/Figuras button.jpg
104.04.20 16:19 B C:\Web Pages\PHP\page_so\Figuras\button_new.gif --> php.iscc.com.br /public_html/page_so/Figuras button_new.gif
104.04.20 16:19 B C:\Web Pages\PHP\page_so\Figuras\button_new.jpg --> php.iscc.com.br /public_html/page_so/Figuras button_new.jpg
104.04.20 16:19 B C:\Web Pages\PHP\page_so\Figuras\Figura_topo.jpg --> php.iscc.com.br /public_html/page_so/Figuras Figura_topo.jpg
104.04.20 16:19 B C:\Web Pages\PHP\page_so\Figuras\letras_topo.jpg --> php.iscc.com.br /public_html/page_so/Figuras letras_topo.jpg
104.04.20 16:19 B C:\Web Pages\PHP\page_so\Figuras\logo_meio_curso.jpg --> php.iscc.com.br /public_html/page_so/Figuras logo_meio_curso.jpg
104.04.20 16:19 B C:\Web Pages\PHP\page_so\Figuras\logo_meio_instituicao.jpg --> php.iscc.com.br /public_html/page_so/Figuras logo_meio_instituicao.jpg
104.04.20 16:19 B C:\Web Pages\PHP\page_so\Figuras\logo_meio_so.jpg --> php.iscc.com.br /public_html/page_so/Figuras logo_meio_so.jpg
104.04.20 16:19 B C:\Web Pages\PHP\page_so\Figuras\logo_page_inicial.jpg --> php.iscc.com.br /public_html/page_so/Figuras logo_page_inicial.jpg
104.04.20 16:19 B C:\Web Pages\PHP\page_so\Figuras\teste.jpg --> php.iscc.com.br /public_html/page_so/Figuras teste.jpg
104.04.20 16:19 B C:\Web Pages\PHP\page_so\Figuras\Thumbs.db --> php.iscc.com.br /public_html/page_so/Figuras Thumbs.db
104.04.20 16:19 B C:\Web Pages\PHP\page_so\Figuras\WS_FTP.LOG --> php.iscc.com.br /public_html/page_so/Figuras WS_FTP.LOG
